#
# There is insufficient memory for the Java Runtime Environment to continue.
# Native memory allocation (mmap) failed to map 65536 bytes for Failed to commit metaspace.
# Possible reasons:
#   The system is out of physical RAM or swap space
#   The process is running with CompressedOops enabled, and the Java Heap may be blocking the growth of the native heap
# Possible solutions:
#   Reduce memory load on the system
#   Increase physical memory or swap space
#   Check if swap backing store is full
#   Decrease Java heap size (-Xmx/-Xms)
#   Decrease number of Java threads
#   Decrease Java thread stack sizes (-Xss)
#   Set larger code cache with -XX:ReservedCodeCacheSize=
#   JVM is running with Zero Based Compressed Oops mode in which the Java heap is
#     placed in the first 32GB address space. The Java Heap base address is the
#     maximum limit for the native heap growth. Please use -XX:HeapBaseMinAddress
#     to set the Java Heap base and to place the Java Heap above 32GB virtual address.
# This output file may be truncated or incomplete.
#
#  Out of Memory Error (virtualSpaceNode.cpp:110), pid=1184, tid=25764
#
# JRE version: Java(TM) SE Runtime Environment (17.0.1+12) (build 17.0.1+12-LTS-39)
# Java VM: Java HotSpot(TM) 64-Bit Server VM (17.0.1+12-LTS-39, mixed mode, emulated-client, sharing, tiered, compressed oops, compressed class ptrs, g1 gc, windows-amd64)
# No core dump will be written. Minidumps are not enabled by default on client versions of Windows
#

---------------  S U M M A R Y ------------

Command Line: -XX:TieredStopAtLevel=1 net_javaguides.teacher.TeacherBackendApplication

Host: Intel(R) Core(TM) i7-8750H CPU @ 2.20GHz, 12 cores, 15G,  Windows 10 , 64 bit Build 19041 (10.0.19041.3636)
Time: Sat Jun  8 23:27:35 2024 Hora estándar oeste, Sudamérica elapsed time: 0.423940 seconds (0d 0h 0m 0s)

---------------  T H R E A D  ---------------

Current thread (0x000001fca8a51600):  JavaThread "main" [_thread_in_vm, id=25764, stack(0x0000003165a00000,0x0000003165b00000)]

Stack: [0x0000003165a00000,0x0000003165b00000]
Native frames: (J=compiled Java code, j=interpreted, Vv=VM code, C=native code)
V  [jvm.dll+0x66fa1a]
V  [jvm.dll+0x7ce5a4]
V  [jvm.dll+0x7cfd4e]
V  [jvm.dll+0x7d03b3]
V  [jvm.dll+0x242b05]
V  [jvm.dll+0x7ca54b]
V  [jvm.dll+0x615b76]
V  [jvm.dll+0x615bda]
V  [jvm.dll+0x6183ea]
V  [jvm.dll+0x616516]
V  [jvm.dll+0x2370cf]
V  [jvm.dll+0x620145]
V  [jvm.dll+0x1e7dcb]
V  [jvm.dll+0x1e8305]
V  [jvm.dll+0x1e8d3f]
V  [jvm.dll+0x1de1f1]
V  [jvm.dll+0x537690]
V  [jvm.dll+0x1ee9d7]
V  [jvm.dll+0x748afb]
V  [jvm.dll+0x749ea2]
V  [jvm.dll+0x74a1d8]
V  [jvm.dll+0x23ae5e]
V  [jvm.dll+0x37afce]
C  0x000001fcb1a49ad7

Java frames: (J=compiled Java code, j=interpreted, Vv=VM code)
j  java.util.Hashtable.keySet()Ljava/util/Set;+8 java.base@17.0.1
j  com.sun.naming.internal.ResourceManager.mergeTables(Ljava/util/Hashtable;Ljava/util/Hashtable;)V+1 java.naming@17.0.1
j  com.sun.naming.internal.ResourceManager.getInitialEnvironment(Ljava/util/Hashtable;)Ljava/util/Hashtable;+116 java.naming@17.0.1
j  javax.naming.InitialContext.init(Ljava/util/Hashtable;)V+2 java.naming@17.0.1
j  javax.naming.InitialContext.<init>()V+21 java.naming@17.0.1
j  org.springframework.jndi.JndiLocatorDelegate.isDefaultJndiEnvironmentAvailable()Z+12
j  org.springframework.web.context.support.StandardServletEnvironment.customizePropertySources(Lorg/springframework/core/env/MutablePropertySources;)V+32
j  org.springframework.core.env.AbstractEnvironment.<init>(Lorg/springframework/core/env/MutablePropertySources;)V+57
j  org.springframework.core.env.AbstractEnvironment.<init>()V+8
j  org.springframework.core.env.StandardEnvironment.<init>()V+1
j  org.springframework.web.context.support.StandardServletEnvironment.<init>()V+1
j  org.springframework.boot.web.servlet.context.ApplicationServletEnvironment.<init>()V+1
j  org.springframework.boot.web.servlet.context.ServletWebServerApplicationContextFactory.createEnvironment(Lorg/springframework/boot/WebApplicationType;)Lorg/springframework/core/env/ConfigurableEnvironment;+15
j  org.springframework.boot.DefaultApplicationContextFactory$$Lambda$71+0x0000000800c8ef58.apply(Ljava/lang/Object;Ljava/lang/Object;)Ljava/lang/Object;+8
j  org.springframework.boot.DefaultApplicationContextFactory.getFromSpringFactories(Lorg/springframework/boot/WebApplicationType;Ljava/util/function/BiFunction;Ljava/util/function/Supplier;)Ljava/lang/Object;+45
j  org.springframework.boot.DefaultApplicationContextFactory.createEnvironment(Lorg/springframework/boot/WebApplicationType;)Lorg/springframework/core/env/ConfigurableEnvironment;+8
j  org.springframework.boot.SpringApplication.getOrCreateEnvironment()Lorg/springframework/core/env/ConfigurableEnvironment;+20
j  org.springframework.boot.SpringApplication.prepareEnvironment(Lorg/springframework/boot/SpringApplicationRunListeners;Lorg/springframework/boot/DefaultBootstrapContext;Lorg/springframework/boot/ApplicationArguments;)Lorg/springframework/core/env/ConfigurableEnvironment;+1
j  org.springframework.boot.SpringApplication.run([Ljava/lang/String;)Lorg/springframework/context/ConfigurableApplicationContext;+62
j  org.springframework.boot.SpringApplication.run([Ljava/lang/Class;[Ljava/lang/String;)Lorg/springframework/context/ConfigurableApplicationContext;+9
j  org.springframework.boot.SpringApplication.run(Ljava/lang/Class;[Ljava/lang/String;)Lorg/springframework/context/ConfigurableApplicationContext;+9
j  net_javaguides.teacher.TeacherBackendApplication.main([Ljava/lang/String;)V+3
v  ~StubRoutines::call_stub

---------------  P R O C E S S  ---------------

Threads class SMR info:
_java_thread_list=0x000001fcc2c00f30, length=14, elements={
0x000001fca8a51600, 0x000001fcc1901810, 0x000001fcc1902680, 0x000001fcc191b750,
0x000001fcc191c300, 0x000001fcc2400080, 0x000001fcc2400940, 0x000001fcc24019a0,
0x000001fcc24226b0, 0x000001fcc2528820, 0x000001fcc2528d30, 0x000001fcc2558b70,
0x000001fcc255e640, 0x000001fcc2c481f0
}

Java Threads: ( => current thread )
=>0x000001fca8a51600 JavaThread "main" [_thread_in_vm, id=25764, stack(0x0000003165a00000,0x0000003165b00000)]
  0x000001fcc1901810 JavaThread "Reference Handler" daemon [_thread_blocked, id=17528, stack(0x0000003166100000,0x0000003166200000)]
  0x000001fcc1902680 JavaThread "Finalizer" daemon [_thread_blocked, id=10616, stack(0x0000003166200000,0x0000003166300000)]
  0x000001fcc191b750 JavaThread "Signal Dispatcher" daemon [_thread_blocked, id=27024, stack(0x0000003166300000,0x0000003166400000)]
  0x000001fcc191c300 JavaThread "Attach Listener" daemon [_thread_blocked, id=15152, stack(0x0000003166400000,0x0000003166500000)]
  0x000001fcc2400080 JavaThread "Service Thread" daemon [_thread_blocked, id=18792, stack(0x0000003166500000,0x0000003166600000)]
  0x000001fcc2400940 JavaThread "Monitor Deflation Thread" daemon [_thread_blocked, id=24328, stack(0x0000003166600000,0x0000003166700000)]
  0x000001fcc24019a0 JavaThread "C1 CompilerThread0" daemon [_thread_blocked, id=3696, stack(0x0000003166700000,0x0000003166800000)]
  0x000001fcc24226b0 JavaThread "Sweeper thread" daemon [_thread_blocked, id=14872, stack(0x0000003166800000,0x0000003166900000)]
  0x000001fcc2528820 JavaThread "C1 CompilerThread1" daemon [_thread_blocked, id=14468, stack(0x0000003166900000,0x0000003166a00000)]
  0x000001fcc2528d30 JavaThread "C1 CompilerThread2" daemon [_thread_blocked, id=4084, stack(0x0000003166a00000,0x0000003166b00000)]
  0x000001fcc2558b70 JavaThread "Notification Thread" daemon [_thread_blocked, id=22484, stack(0x0000003166b00000,0x0000003166c00000)]
  0x000001fcc255e640 JavaThread "Common-Cleaner" daemon [_thread_blocked, id=15116, stack(0x0000003166d00000,0x0000003166e00000)]
  0x000001fcc2c481f0 JavaThread "C1 CompilerThread3" daemon [_thread_in_vm, id=18124, stack(0x0000003166e00000,0x0000003166f00000)]

Other Threads:
  0x000001fcc18fb070 VMThread "VM Thread" [stack: 0x0000003166000000,0x0000003166100000] [id=11988]
  0x000001fca8aba610 WatcherThread [stack: 0x0000003166c00000,0x0000003166d00000] [id=16488]
  0x000001fca8a9f650 GCTaskThread "GC Thread#0" [stack: 0x0000003165b00000,0x0000003165c00000] [id=21332]
  0x000001fca8ab0320 ConcurrentGCThread "G1 Main Marker" [stack: 0x0000003165c00000,0x0000003165d00000] [id=1036]
  0x000001fca8ab2140 ConcurrentGCThread "G1 Conc#0" [stack: 0x0000003165d00000,0x0000003165e00000] [id=4304]
  0x000001fca8b1de80 ConcurrentGCThread "G1 Refine#0" [stack: 0x0000003165e00000,0x0000003165f00000] [id=14864]
  0x000001fca8b1e8a0 ConcurrentGCThread "G1 Service" [stack: 0x0000003165f00000,0x0000003166000000] [id=22204]

Threads with active compile tasks:
C1 CompilerThread3      446  871       1       jdk.internal.org.objectweb.asm.MethodWriter::computeMethodInfoSize (571 bytes)

VM state: not at safepoint (normal execution)

VM Mutex/Monitor currently owned by a thread:  ([mutex/lock_event])
[0x000001fca8a4b690] Metaspace_lock - owner thread: 0x000001fca8a51600
[0x000001fca8a4e430] MultiArray_lock - owner thread: 0x000001fcc2c481f0

Heap address: 0x0000000702600000, size: 4058 MB, Compressed Oops mode: Zero based, Oop shift amount: 3

CDS archive(s) mapped at: [0x0000000800000000-0x0000000800bc0000-0x0000000800bc0000), size 12320768, SharedBaseAddress: 0x0000000800000000, ArchiveRelocationMode: 0.
Compressed class space mapped at: 0x0000000800c00000-0x0000000840c00000, reserved size: 1073741824
Narrow klass base: 0x0000000800000000, Narrow klass shift: 0, Narrow klass range: 0x100000000

GC Precious Log:
 CPUs: 12 total, 12 available
 Memory: 16226M
 Large Page Support: Disabled
 NUMA Support: Disabled
 Compressed Oops: Enabled (Zero based)
 Heap Region Size: 2M
 Heap Min Capacity: 8M
 Heap Initial Capacity: 254M
 Heap Max Capacity: 4058M
 Pre-touch: Disabled
 Parallel Workers: 10
 Concurrent Workers: 3
 Concurrent Refinement Workers: 10
 Periodic GC: Disabled

Heap:
 garbage-first heap   total 260096K, used 20480K [0x0000000702600000, 0x0000000800000000)
  region size 2048K, 11 young (22528K), 0 survivors (0K)
 Metaspace       used 3958K, committed 4160K, reserved 1056768K
  class space    used 516K, committed 640K, reserved 1048576K

Heap Regions: E=young(eden), S=young(survivor), O=old, HS=humongous(starts), HC=humongous(continues), CS=collection set, F=free, OA=open archive, CA=closed archive, TAMS=top-at-mark-start (previous, next)
|   0|0x0000000702600000, 0x0000000702600000, 0x0000000702800000|  0%| F|  |TAMS 0x0000000702600000, 0x0000000702600000| Untracked 
|   1|0x0000000702800000, 0x0000000702800000, 0x0000000702a00000|  0%| F|  |TAMS 0x0000000702800000, 0x0000000702800000| Untracked 
|   2|0x0000000702a00000, 0x0000000702a00000, 0x0000000702c00000|  0%| F|  |TAMS 0x0000000702a00000, 0x0000000702a00000| Untracked 
|   3|0x0000000702c00000, 0x0000000702c00000, 0x0000000702e00000|  0%| F|  |TAMS 0x0000000702c00000, 0x0000000702c00000| Untracked 
|   4|0x0000000702e00000, 0x0000000702e00000, 0x0000000703000000|  0%| F|  |TAMS 0x0000000702e00000, 0x0000000702e00000| Untracked 
|   5|0x0000000703000000, 0x0000000703000000, 0x0000000703200000|  0%| F|  |TAMS 0x0000000703000000, 0x0000000703000000| Untracked 
|   6|0x0000000703200000, 0x0000000703200000, 0x0000000703400000|  0%| F|  |TAMS 0x0000000703200000, 0x0000000703200000| Untracked 
|   7|0x0000000703400000, 0x0000000703400000, 0x0000000703600000|  0%| F|  |TAMS 0x0000000703400000, 0x0000000703400000| Untracked 
|   8|0x0000000703600000, 0x0000000703600000, 0x0000000703800000|  0%| F|  |TAMS 0x0000000703600000, 0x0000000703600000| Untracked 
|   9|0x0000000703800000, 0x0000000703800000, 0x0000000703a00000|  0%| F|  |TAMS 0x0000000703800000, 0x0000000703800000| Untracked 
|  10|0x0000000703a00000, 0x0000000703a00000, 0x0000000703c00000|  0%| F|  |TAMS 0x0000000703a00000, 0x0000000703a00000| Untracked 
|  11|0x0000000703c00000, 0x0000000703c00000, 0x0000000703e00000|  0%| F|  |TAMS 0x0000000703c00000, 0x0000000703c00000| Untracked 
|  12|0x0000000703e00000, 0x0000000703e00000, 0x0000000704000000|  0%| F|  |TAMS 0x0000000703e00000, 0x0000000703e00000| Untracked 
|  13|0x0000000704000000, 0x0000000704000000, 0x0000000704200000|  0%| F|  |TAMS 0x0000000704000000, 0x0000000704000000| Untracked 
|  14|0x0000000704200000, 0x0000000704200000, 0x0000000704400000|  0%| F|  |TAMS 0x0000000704200000, 0x0000000704200000| Untracked 
|  15|0x0000000704400000, 0x0000000704400000, 0x0000000704600000|  0%| F|  |TAMS 0x0000000704400000, 0x0000000704400000| Untracked 
|  16|0x0000000704600000, 0x0000000704600000, 0x0000000704800000|  0%| F|  |TAMS 0x0000000704600000, 0x0000000704600000| Untracked 
|  17|0x0000000704800000, 0x0000000704800000, 0x0000000704a00000|  0%| F|  |TAMS 0x0000000704800000, 0x0000000704800000| Untracked 
|  18|0x0000000704a00000, 0x0000000704a00000, 0x0000000704c00000|  0%| F|  |TAMS 0x0000000704a00000, 0x0000000704a00000| Untracked 
|  19|0x0000000704c00000, 0x0000000704c00000, 0x0000000704e00000|  0%| F|  |TAMS 0x0000000704c00000, 0x0000000704c00000| Untracked 
|  20|0x0000000704e00000, 0x0000000704e00000, 0x0000000705000000|  0%| F|  |TAMS 0x0000000704e00000, 0x0000000704e00000| Untracked 
|  21|0x0000000705000000, 0x0000000705000000, 0x0000000705200000|  0%| F|  |TAMS 0x0000000705000000, 0x0000000705000000| Untracked 
|  22|0x0000000705200000, 0x0000000705200000, 0x0000000705400000|  0%| F|  |TAMS 0x0000000705200000, 0x0000000705200000| Untracked 
|  23|0x0000000705400000, 0x0000000705400000, 0x0000000705600000|  0%| F|  |TAMS 0x0000000705400000, 0x0000000705400000| Untracked 
|  24|0x0000000705600000, 0x0000000705600000, 0x0000000705800000|  0%| F|  |TAMS 0x0000000705600000, 0x0000000705600000| Untracked 
|  25|0x0000000705800000, 0x0000000705800000, 0x0000000705a00000|  0%| F|  |TAMS 0x0000000705800000, 0x0000000705800000| Untracked 
|  26|0x0000000705a00000, 0x0000000705a00000, 0x0000000705c00000|  0%| F|  |TAMS 0x0000000705a00000, 0x0000000705a00000| Untracked 
|  27|0x0000000705c00000, 0x0000000705c00000, 0x0000000705e00000|  0%| F|  |TAMS 0x0000000705c00000, 0x0000000705c00000| Untracked 
|  28|0x0000000705e00000, 0x0000000705e00000, 0x0000000706000000|  0%| F|  |TAMS 0x0000000705e00000, 0x0000000705e00000| Untracked 
|  29|0x0000000706000000, 0x0000000706000000, 0x0000000706200000|  0%| F|  |TAMS 0x0000000706000000, 0x0000000706000000| Untracked 
|  30|0x0000000706200000, 0x0000000706200000, 0x0000000706400000|  0%| F|  |TAMS 0x0000000706200000, 0x0000000706200000| Untracked 
|  31|0x0000000706400000, 0x0000000706400000, 0x0000000706600000|  0%| F|  |TAMS 0x0000000706400000, 0x0000000706400000| Untracked 
|  32|0x0000000706600000, 0x0000000706600000, 0x0000000706800000|  0%| F|  |TAMS 0x0000000706600000, 0x0000000706600000| Untracked 
|  33|0x0000000706800000, 0x0000000706800000, 0x0000000706a00000|  0%| F|  |TAMS 0x0000000706800000, 0x0000000706800000| Untracked 
|  34|0x0000000706a00000, 0x0000000706a00000, 0x0000000706c00000|  0%| F|  |TAMS 0x0000000706a00000, 0x0000000706a00000| Untracked 
|  35|0x0000000706c00000, 0x0000000706c00000, 0x0000000706e00000|  0%| F|  |TAMS 0x0000000706c00000, 0x0000000706c00000| Untracked 
|  36|0x0000000706e00000, 0x0000000706e00000, 0x0000000707000000|  0%| F|  |TAMS 0x0000000706e00000, 0x0000000706e00000| Untracked 
|  37|0x0000000707000000, 0x0000000707000000, 0x0000000707200000|  0%| F|  |TAMS 0x0000000707000000, 0x0000000707000000| Untracked 
|  38|0x0000000707200000, 0x0000000707200000, 0x0000000707400000|  0%| F|  |TAMS 0x0000000707200000, 0x0000000707200000| Untracked 
|  39|0x0000000707400000, 0x0000000707400000, 0x0000000707600000|  0%| F|  |TAMS 0x0000000707400000, 0x0000000707400000| Untracked 
|  40|0x0000000707600000, 0x0000000707600000, 0x0000000707800000|  0%| F|  |TAMS 0x0000000707600000, 0x0000000707600000| Untracked 
|  41|0x0000000707800000, 0x0000000707800000, 0x0000000707a00000|  0%| F|  |TAMS 0x0000000707800000, 0x0000000707800000| Untracked 
|  42|0x0000000707a00000, 0x0000000707a00000, 0x0000000707c00000|  0%| F|  |TAMS 0x0000000707a00000, 0x0000000707a00000| Untracked 
|  43|0x0000000707c00000, 0x0000000707c00000, 0x0000000707e00000|  0%| F|  |TAMS 0x0000000707c00000, 0x0000000707c00000| Untracked 
|  44|0x0000000707e00000, 0x0000000707e00000, 0x0000000708000000|  0%| F|  |TAMS 0x0000000707e00000, 0x0000000707e00000| Untracked 
|  45|0x0000000708000000, 0x0000000708000000, 0x0000000708200000|  0%| F|  |TAMS 0x0000000708000000, 0x0000000708000000| Untracked 
|  46|0x0000000708200000, 0x0000000708200000, 0x0000000708400000|  0%| F|  |TAMS 0x0000000708200000, 0x0000000708200000| Untracked 
|  47|0x0000000708400000, 0x0000000708400000, 0x0000000708600000|  0%| F|  |TAMS 0x0000000708400000, 0x0000000708400000| Untracked 
|  48|0x0000000708600000, 0x0000000708600000, 0x0000000708800000|  0%| F|  |TAMS 0x0000000708600000, 0x0000000708600000| Untracked 
|  49|0x0000000708800000, 0x0000000708800000, 0x0000000708a00000|  0%| F|  |TAMS 0x0000000708800000, 0x0000000708800000| Untracked 
|  50|0x0000000708a00000, 0x0000000708a00000, 0x0000000708c00000|  0%| F|  |TAMS 0x0000000708a00000, 0x0000000708a00000| Untracked 
|  51|0x0000000708c00000, 0x0000000708c00000, 0x0000000708e00000|  0%| F|  |TAMS 0x0000000708c00000, 0x0000000708c00000| Untracked 
|  52|0x0000000708e00000, 0x0000000708e00000, 0x0000000709000000|  0%| F|  |TAMS 0x0000000708e00000, 0x0000000708e00000| Untracked 
|  53|0x0000000709000000, 0x0000000709000000, 0x0000000709200000|  0%| F|  |TAMS 0x0000000709000000, 0x0000000709000000| Untracked 
|  54|0x0000000709200000, 0x0000000709200000, 0x0000000709400000|  0%| F|  |TAMS 0x0000000709200000, 0x0000000709200000| Untracked 
|  55|0x0000000709400000, 0x0000000709400000, 0x0000000709600000|  0%| F|  |TAMS 0x0000000709400000, 0x0000000709400000| Untracked 
|  56|0x0000000709600000, 0x0000000709600000, 0x0000000709800000|  0%| F|  |TAMS 0x0000000709600000, 0x0000000709600000| Untracked 
|  57|0x0000000709800000, 0x0000000709800000, 0x0000000709a00000|  0%| F|  |TAMS 0x0000000709800000, 0x0000000709800000| Untracked 
|  58|0x0000000709a00000, 0x0000000709a00000, 0x0000000709c00000|  0%| F|  |TAMS 0x0000000709a00000, 0x0000000709a00000| Untracked 
|  59|0x0000000709c00000, 0x0000000709c00000, 0x0000000709e00000|  0%| F|  |TAMS 0x0000000709c00000, 0x0000000709c00000| Untracked 
|  60|0x0000000709e00000, 0x0000000709e00000, 0x000000070a000000|  0%| F|  |TAMS 0x0000000709e00000, 0x0000000709e00000| Untracked 
|  61|0x000000070a000000, 0x000000070a000000, 0x000000070a200000|  0%| F|  |TAMS 0x000000070a000000, 0x000000070a000000| Untracked 
|  62|0x000000070a200000, 0x000000070a200000, 0x000000070a400000|  0%| F|  |TAMS 0x000000070a200000, 0x000000070a200000| Untracked 
|  63|0x000000070a400000, 0x000000070a400000, 0x000000070a600000|  0%| F|  |TAMS 0x000000070a400000, 0x000000070a400000| Untracked 
|  64|0x000000070a600000, 0x000000070a600000, 0x000000070a800000|  0%| F|  |TAMS 0x000000070a600000, 0x000000070a600000| Untracked 
|  65|0x000000070a800000, 0x000000070a800000, 0x000000070aa00000|  0%| F|  |TAMS 0x000000070a800000, 0x000000070a800000| Untracked 
|  66|0x000000070aa00000, 0x000000070aa00000, 0x000000070ac00000|  0%| F|  |TAMS 0x000000070aa00000, 0x000000070aa00000| Untracked 
|  67|0x000000070ac00000, 0x000000070ac00000, 0x000000070ae00000|  0%| F|  |TAMS 0x000000070ac00000, 0x000000070ac00000| Untracked 
|  68|0x000000070ae00000, 0x000000070ae00000, 0x000000070b000000|  0%| F|  |TAMS 0x000000070ae00000, 0x000000070ae00000| Untracked 
|  69|0x000000070b000000, 0x000000070b000000, 0x000000070b200000|  0%| F|  |TAMS 0x000000070b000000, 0x000000070b000000| Untracked 
|  70|0x000000070b200000, 0x000000070b200000, 0x000000070b400000|  0%| F|  |TAMS 0x000000070b200000, 0x000000070b200000| Untracked 
|  71|0x000000070b400000, 0x000000070b400000, 0x000000070b600000|  0%| F|  |TAMS 0x000000070b400000, 0x000000070b400000| Untracked 
|  72|0x000000070b600000, 0x000000070b600000, 0x000000070b800000|  0%| F|  |TAMS 0x000000070b600000, 0x000000070b600000| Untracked 
|  73|0x000000070b800000, 0x000000070b800000, 0x000000070ba00000|  0%| F|  |TAMS 0x000000070b800000, 0x000000070b800000| Untracked 
|  74|0x000000070ba00000, 0x000000070ba00000, 0x000000070bc00000|  0%| F|  |TAMS 0x000000070ba00000, 0x000000070ba00000| Untracked 
|  75|0x000000070bc00000, 0x000000070bc00000, 0x000000070be00000|  0%| F|  |TAMS 0x000000070bc00000, 0x000000070bc00000| Untracked 
|  76|0x000000070be00000, 0x000000070be00000, 0x000000070c000000|  0%| F|  |TAMS 0x000000070be00000, 0x000000070be00000| Untracked 
|  77|0x000000070c000000, 0x000000070c000000, 0x000000070c200000|  0%| F|  |TAMS 0x000000070c000000, 0x000000070c000000| Untracked 
|  78|0x000000070c200000, 0x000000070c200000, 0x000000070c400000|  0%| F|  |TAMS 0x000000070c200000, 0x000000070c200000| Untracked 
|  79|0x000000070c400000, 0x000000070c400000, 0x000000070c600000|  0%| F|  |TAMS 0x000000070c400000, 0x000000070c400000| Untracked 
|  80|0x000000070c600000, 0x000000070c600000, 0x000000070c800000|  0%| F|  |TAMS 0x000000070c600000, 0x000000070c600000| Untracked 
|  81|0x000000070c800000, 0x000000070c800000, 0x000000070ca00000|  0%| F|  |TAMS 0x000000070c800000, 0x000000070c800000| Untracked 
|  82|0x000000070ca00000, 0x000000070ca00000, 0x000000070cc00000|  0%| F|  |TAMS 0x000000070ca00000, 0x000000070ca00000| Untracked 
|  83|0x000000070cc00000, 0x000000070cc00000, 0x000000070ce00000|  0%| F|  |TAMS 0x000000070cc00000, 0x000000070cc00000| Untracked 
|  84|0x000000070ce00000, 0x000000070ce00000, 0x000000070d000000|  0%| F|  |TAMS 0x000000070ce00000, 0x000000070ce00000| Untracked 
|  85|0x000000070d000000, 0x000000070d000000, 0x000000070d200000|  0%| F|  |TAMS 0x000000070d000000, 0x000000070d000000| Untracked 
|  86|0x000000070d200000, 0x000000070d200000, 0x000000070d400000|  0%| F|  |TAMS 0x000000070d200000, 0x000000070d200000| Untracked 
|  87|0x000000070d400000, 0x000000070d400000, 0x000000070d600000|  0%| F|  |TAMS 0x000000070d400000, 0x000000070d400000| Untracked 
|  88|0x000000070d600000, 0x000000070d600000, 0x000000070d800000|  0%| F|  |TAMS 0x000000070d600000, 0x000000070d600000| Untracked 
|  89|0x000000070d800000, 0x000000070d800000, 0x000000070da00000|  0%| F|  |TAMS 0x000000070d800000, 0x000000070d800000| Untracked 
|  90|0x000000070da00000, 0x000000070da00000, 0x000000070dc00000|  0%| F|  |TAMS 0x000000070da00000, 0x000000070da00000| Untracked 
|  91|0x000000070dc00000, 0x000000070dc00000, 0x000000070de00000|  0%| F|  |TAMS 0x000000070dc00000, 0x000000070dc00000| Untracked 
|  92|0x000000070de00000, 0x000000070de00000, 0x000000070e000000|  0%| F|  |TAMS 0x000000070de00000, 0x000000070de00000| Untracked 
|  93|0x000000070e000000, 0x000000070e000000, 0x000000070e200000|  0%| F|  |TAMS 0x000000070e000000, 0x000000070e000000| Untracked 
|  94|0x000000070e200000, 0x000000070e200000, 0x000000070e400000|  0%| F|  |TAMS 0x000000070e200000, 0x000000070e200000| Untracked 
|  95|0x000000070e400000, 0x000000070e400000, 0x000000070e600000|  0%| F|  |TAMS 0x000000070e400000, 0x000000070e400000| Untracked 
|  96|0x000000070e600000, 0x000000070e600000, 0x000000070e800000|  0%| F|  |TAMS 0x000000070e600000, 0x000000070e600000| Untracked 
|  97|0x000000070e800000, 0x000000070e800000, 0x000000070ea00000|  0%| F|  |TAMS 0x000000070e800000, 0x000000070e800000| Untracked 
|  98|0x000000070ea00000, 0x000000070ea00000, 0x000000070ec00000|  0%| F|  |TAMS 0x000000070ea00000, 0x000000070ea00000| Untracked 
|  99|0x000000070ec00000, 0x000000070ec00000, 0x000000070ee00000|  0%| F|  |TAMS 0x000000070ec00000, 0x000000070ec00000| Untracked 
| 100|0x000000070ee00000, 0x000000070ee00000, 0x000000070f000000|  0%| F|  |TAMS 0x000000070ee00000, 0x000000070ee00000| Untracked 
| 101|0x000000070f000000, 0x000000070f000000, 0x000000070f200000|  0%| F|  |TAMS 0x000000070f000000, 0x000000070f000000| Untracked 
| 102|0x000000070f200000, 0x000000070f200000, 0x000000070f400000|  0%| F|  |TAMS 0x000000070f200000, 0x000000070f200000| Untracked 
| 103|0x000000070f400000, 0x000000070f400000, 0x000000070f600000|  0%| F|  |TAMS 0x000000070f400000, 0x000000070f400000| Untracked 
| 104|0x000000070f600000, 0x000000070f600000, 0x000000070f800000|  0%| F|  |TAMS 0x000000070f600000, 0x000000070f600000| Untracked 
| 105|0x000000070f800000, 0x000000070f800000, 0x000000070fa00000|  0%| F|  |TAMS 0x000000070f800000, 0x000000070f800000| Untracked 
| 106|0x000000070fa00000, 0x000000070fa00000, 0x000000070fc00000|  0%| F|  |TAMS 0x000000070fa00000, 0x000000070fa00000| Untracked 
| 107|0x000000070fc00000, 0x000000070fc00000, 0x000000070fe00000|  0%| F|  |TAMS 0x000000070fc00000, 0x000000070fc00000| Untracked 
| 108|0x000000070fe00000, 0x000000070fe00000, 0x0000000710000000|  0%| F|  |TAMS 0x000000070fe00000, 0x000000070fe00000| Untracked 
| 109|0x0000000710000000, 0x0000000710000000, 0x0000000710200000|  0%| F|  |TAMS 0x0000000710000000, 0x0000000710000000| Untracked 
| 110|0x0000000710200000, 0x0000000710200000, 0x0000000710400000|  0%| F|  |TAMS 0x0000000710200000, 0x0000000710200000| Untracked 
| 111|0x0000000710400000, 0x0000000710400000, 0x0000000710600000|  0%| F|  |TAMS 0x0000000710400000, 0x0000000710400000| Untracked 
| 112|0x0000000710600000, 0x0000000710600000, 0x0000000710800000|  0%| F|  |TAMS 0x0000000710600000, 0x0000000710600000| Untracked 
| 113|0x0000000710800000, 0x0000000710800000, 0x0000000710a00000|  0%| F|  |TAMS 0x0000000710800000, 0x0000000710800000| Untracked 
| 114|0x0000000710a00000, 0x0000000710a00000, 0x0000000710c00000|  0%| F|  |TAMS 0x0000000710a00000, 0x0000000710a00000| Untracked 
| 115|0x0000000710c00000, 0x0000000710c00000, 0x0000000710e00000|  0%| F|  |TAMS 0x0000000710c00000, 0x0000000710c00000| Untracked 
| 116|0x0000000710e00000, 0x0000000710e71250, 0x0000000711000000| 22%| E|  |TAMS 0x0000000710e00000, 0x0000000710e00000| Complete 
| 117|0x0000000711000000, 0x0000000711200000, 0x0000000711200000|100%| E|CS|TAMS 0x0000000711000000, 0x0000000711000000| Complete 
| 118|0x0000000711200000, 0x0000000711400000, 0x0000000711400000|100%| E|CS|TAMS 0x0000000711200000, 0x0000000711200000| Complete 
| 119|0x0000000711400000, 0x0000000711600000, 0x0000000711600000|100%| E|CS|TAMS 0x0000000711400000, 0x0000000711400000| Complete 
| 120|0x0000000711600000, 0x0000000711800000, 0x0000000711800000|100%| E|CS|TAMS 0x0000000711600000, 0x0000000711600000| Complete 
| 121|0x0000000711800000, 0x0000000711a00000, 0x0000000711a00000|100%| E|CS|TAMS 0x0000000711800000, 0x0000000711800000| Complete 
| 122|0x0000000711a00000, 0x0000000711c00000, 0x0000000711c00000|100%| E|CS|TAMS 0x0000000711a00000, 0x0000000711a00000| Complete 
| 123|0x0000000711c00000, 0x0000000711e00000, 0x0000000711e00000|100%| E|CS|TAMS 0x0000000711c00000, 0x0000000711c00000| Complete 
| 124|0x0000000711e00000, 0x0000000712000000, 0x0000000712000000|100%| E|CS|TAMS 0x0000000711e00000, 0x0000000711e00000| Complete 
| 125|0x0000000712000000, 0x0000000712200000, 0x0000000712200000|100%| E|CS|TAMS 0x0000000712000000, 0x0000000712000000| Complete 
| 126|0x0000000712200000, 0x0000000712400000, 0x0000000712400000|100%| E|CS|TAMS 0x0000000712200000, 0x0000000712200000| Complete 

Card table byte_map: [0x000001fcb5d20000,0x000001fcb6510000] _byte_map_base: 0x000001fcb250d000

Marking Bits (Prev, Next): (CMBitMap*) 0x000001fca8a9fc60, (CMBitMap*) 0x000001fca8a9fca0
 Prev Bits: [0x000001fcb6d00000, 0x000001fcbac68000)
 Next Bits: [0x000001fcbac70000, 0x000001fcbebd8000)

Polling page: 0x000001fca8b20000

Metaspace:

Usage:
  Non-class:      3.36 MB used.
      Class:    516.13 KB used.
       Both:      3.87 MB used.

Virtual space:
  Non-class space:        8.00 MB reserved,       3.44 MB ( 43%) committed,  1 nodes.
      Class space:        1.00 GB reserved,     640.00 KB ( <1%) committed,  1 nodes.
             Both:        1.01 GB reserved,       4.06 MB ( <1%) committed. 

Chunk freelists:
   Non-Class:  2.04 MB
       Class:  3.42 MB
        Both:  5.47 MB

MaxMetaspaceSize: unlimited
CompressedClassSpaceSize: 1.00 GB
Initial GC threshold: 21.00 MB
Current GC threshold: 21.00 MB
CDS: on
MetaspaceReclaimPolicy: balanced
 - commit_granule_bytes: 65536.
 - commit_granule_words: 8192.
 - virtual_space_node_default_size: 1048576.
 - enlarge_chunks_in_place: 1.
 - new_chunks_are_fully_committed: 0.
 - uncommit_free_chunks: 1.
 - use_allocation_guard: 0.
 - handle_deallocations: 1.


Internal statistics:

num_allocs_failed_limit: 0.
num_arena_births: 94.
num_arena_deaths: 0.
num_vsnodes_births: 2.
num_vsnodes_deaths: 0.
num_space_committed: 65.
num_space_uncommitted: 0.
num_chunks_returned_to_freelist: 0.
num_chunks_taken_from_freelist: 225.
num_chunk_merges: 0.
num_chunk_splits: 133.
num_chunks_enlarged: 92.
num_purges: 0.
num_inconsistent_stats: 0.

CodeCache: size=49152Kb used=4089Kb max_used=4089Kb free=45062Kb
 bounds [0x000001fcb1a30000, 0x000001fcb1e30000, 0x000001fcb4a30000]
 total_blobs=1283 nmethods=870 adapters=338
 compilation: enabled
              stopped_count=0, restarted_count=0
 full_count=0

Compilation events (20 events):
Event: 0.412 Thread 0x000001fcc2c481f0  861   !   1       java.util.jar.JarFile$JarFileEntry::getCodeSigners (81 bytes)
Event: 0.412 Thread 0x000001fcc2528820 nmethod 860 0x000001fcb1e28c90 code [0x000001fcb1e28e20, 0x000001fcb1e28f08]
Event: 0.412 Thread 0x000001fcc2c481f0 nmethod 861 0x000001fcb1e28f90 code [0x000001fcb1e29180, 0x000001fcb1e294e8]
Event: 0.412 Thread 0x000001fcc24019a0 nmethod 855 0x000001fcb1e29690 code [0x000001fcb1e29960, 0x000001fcb1e2a628]
Event: 0.417 Thread 0x000001fcc2528820  863       1       java.lang.invoke.MethodHandles$Lookup::checkAccess (232 bytes)
Event: 0.417 Thread 0x000001fcc2528d30  864       1       java.lang.invoke.MethodHandles$Lookup::checkSymbolicClass (25 bytes)
Event: 0.417 Thread 0x000001fcc2c481f0  865       1       java.lang.invoke.InfoFromMemberName::getReferenceKind (5 bytes)
Event: 0.417 Thread 0x000001fcc2c481f0 nmethod 865 0x000001fcb1e2b010 code [0x000001fcb1e2b1a0, 0x000001fcb1e2b278]
Event: 0.417 Thread 0x000001fcc24019a0  867       1       jdk.internal.org.objectweb.asm.MethodWriter::<init> (232 bytes)
Event: 0.418 Thread 0x000001fcc2c481f0  866       1       jdk.internal.org.objectweb.asm.ClassWriter::visitMethod (57 bytes)
Event: 0.419 Thread 0x000001fcc2c481f0 nmethod 866 0x000001fcb1e2c690 code [0x000001fcb1e2c840, 0x000001fcb1e2cb28]
Event: 0.419 Thread 0x000001fcc2528d30 nmethod 864 0x000001fcb1e2bd90 code [0x000001fcb1e2bfa0, 0x000001fcb1e2c3b8]
Event: 0.420 Thread 0x000001fcc2c481f0  868       1       jdk.internal.org.objectweb.asm.MethodVisitor::<init> (7 bytes)
Event: 0.420 Thread 0x000001fcc2528d30  869       1       jdk.internal.org.objectweb.asm.MethodWriter::visitMaxs (60 bytes)
Event: 0.420 Thread 0x000001fcc2528820 nmethod 863 0x000001fcb1e2b310 code [0x000001fcb1e2b540, 0x000001fcb1e2baf8]
Event: 0.421 Thread 0x000001fcc2c481f0 nmethod 868 0x000001fcb1e2da90 code [0x000001fcb1e2dc20, 0x000001fcb1e2dd08]
Event: 0.421 Thread 0x000001fcc2528820  870       1       jdk.internal.org.objectweb.asm.MethodWriter::visitEnd (1 bytes)
Event: 0.421 Thread 0x000001fcc2c481f0  871       1       jdk.internal.org.objectweb.asm.MethodWriter::computeMethodInfoSize (571 bytes)
Event: 0.421 Thread 0x000001fcc24019a0 nmethod 867 0x000001fcb1e2cc10 code [0x000001fcb1e2ce40, 0x000001fcb1e2d718]
Event: 0.421 Thread 0x000001fcc2528d30 nmethod 869 0x000001fcb1e2dd90 code [0x000001fcb1e2df40, 0x000001fcb1e2e0d8]

GC Heap History (0 events):
No events

Deoptimization events (2 events):
Event: 0.376 Thread 0x000001fca8a51600 DEOPT PACKING pc=0x000001fcb1d68781 sp=0x0000003165afd080
Event: 0.376 Thread 0x000001fca8a51600 DEOPT UNPACKING pc=0x000001fcb1a82b43 sp=0x0000003165afc4f0 mode 3

Classes unloaded (0 events):
No events

Classes redefined (0 events):
No events

Internal exceptions (17 events):
Event: 0.196 Thread 0x000001fca8a51600 Exception <a 'java/lang/ClassNotFoundException'{0x000000071185de48}: javax/smartcardio/CardPermission> (0x000000071185de48) 
thrown [t:\workspace\open\src\hotspot\share\classfile\systemDictionary.cpp, line 256]
Event: 0.198 Thread 0x000001fca8a51600 Exception <a 'java/io/FileNotFoundException'{0x000000071186c460}> (0x000000071186c460) 
thrown [t:\workspace\open\src\hotspot\share\prims\jni.cpp, line 516]
Event: 0.220 Thread 0x000001fca8a51600 Exception <a 'java/lang/NoSuchMethodError'{0x00000007118ecd88}: 'java.lang.Object java.lang.invoke.DirectMethodHandle$Holder.invokeSpecial(java.lang.Object, java.lang.Object, java.lang.Object, long, java.lang.Object)'> (0x00000007118ecd88) 
thrown [t:\workspace\open\src\hotspot\share\interpreter\linkResolver.cpp, line 766]
Event: 0.220 Thread 0x000001fca8a51600 Exception <a 'java/lang/NoSuchMethodError'{0x00000007118f0a28}: 'java.lang.Object java.lang.invoke.Invokers$Holder.linkToTargetMethod(java.lang.Object, long, java.lang.Object, java.lang.Object)'> (0x00000007118f0a28) 
thrown [t:\workspace\open\src\hotspot\share\interpreter\linkResolver.cpp, line 766]
Event: 0.273 Thread 0x000001fca8a51600 Exception <a 'java/lang/NoSuchMethodError'{0x00000007117fee88}: 'void java.lang.invoke.DirectMethodHandle$Holder.invokeStatic(java.lang.Object, java.lang.Object, java.lang.Object, java.lang.Object)'> (0x00000007117fee88) 
thrown [t:\workspace\open\src\hotspot\share\interpreter\linkResolver.cpp, line 766]
Event: 0.301 Thread 0x000001fca8a51600 Exception <a 'java/lang/NoSuchMethodError'{0x0000000711520838}: 'int java.lang.invoke.DirectMethodHandle$Holder.invokeStaticInit(java.lang.Object, java.lang.Object)'> (0x0000000711520838) 
thrown [t:\workspace\open\src\hotspot\share\interpreter\linkResolver.cpp, line 766]
Event: 0.307 Thread 0x000001fca8a51600 Exception <a 'java/lang/NoSuchMethodError'{0x0000000711565970}: 'void java.lang.invoke.DirectMethodHandle$Holder.invokeInterface(java.lang.Object, java.lang.Object, java.lang.Object, java.lang.Object)'> (0x0000000711565970) 
thrown [t:\workspace\open\src\hotspot\share\interpreter\linkResolver.cpp, line 766]
Event: 0.351 Thread 0x000001fca8a51600 Exception <a 'java/lang/NoSuchMethodError'{0x0000000711336c28}: 'java.lang.Object java.lang.invoke.DirectMethodHandle$Holder.invokeInterface(java.lang.Object, java.lang.Object)'> (0x0000000711336c28) 
thrown [t:\workspace\open\src\hotspot\share\interpreter\linkResolver.cpp, line 766]
Event: 0.355 Thread 0x000001fca8a51600 Exception <a 'java/lang/NoSuchMethodError'{0x0000000711372118}: 'void java.lang.invoke.DirectMethodHandle$Holder.invokeStatic(java.lang.Object, java.lang.Object, java.lang.Object)'> (0x0000000711372118) 
thrown [t:\workspace\open\src\hotspot\share\interpreter\linkResolver.cpp, line 766]
Event: 0.357 Thread 0x000001fca8a51600 Exception <a 'java/lang/NoSuchMethodError'{0x0000000711388b18}: 'java.lang.Object java.lang.invoke.DirectMethodHandle$Holder.invokeSpecialIFC(java.lang.Object, java.lang.Object, java.lang.Object, java.lang.Object)'> (0x0000000711388b18) 
thrown [t:\workspace\open\src\hotspot\share\interpreter\linkResolver.cpp, line 766]
Event: 0.359 Thread 0x000001fca8a51600 Exception <a 'java/lang/NoSuchMethodError'{0x00000007113a78e0}: 'java.lang.Object java.lang.invoke.DirectMethodHandle$Holder.invokeInterface(java.lang.Object, java.lang.Object, java.lang.Object)'> (0x00000007113a78e0) 
thrown [t:\workspace\open\src\hotspot\share\interpreter\linkResolver.cpp, line 766]
Event: 0.377 Thread 0x000001fca8a51600 Exception <a 'java/lang/NoSuchMethodError'{0x000000071108d3c0}: 'int java.lang.invoke.DirectMethodHandle$Holder.invokeStaticInit(java.lang.Object, java.lang.Object, java.lang.Object)'> (0x000000071108d3c0) 
thrown [t:\workspace\open\src\hotspot\share\interpreter\linkResolver.cpp, line 766]
Event: 0.385 Thread 0x000001fca8a51600 Exception <a 'java/lang/NoSuchMethodError'{0x00000007110eb090}: 'java.lang.Object java.lang.invoke.DirectMethodHandle$Holder.newInvokeSpecial(java.lang.Object, java.lang.Object, java.lang.Object, java.lang.Object, java.lang.Object)'> (0x00000007110eb090) 
thrown [t:\workspace\open\src\hotspot\share\interpreter\linkResolver.cpp, line 766]
Event: 0.390 Thread 0x000001fca8a51600 Exception <a 'java/lang/NoSuchMethodError'{0x000000071113b940}: 'java.lang.Object java.lang.invoke.DirectMethodHandle$Holder.invokeStaticInit(java.lang.Object, java.lang.Object, java.lang.Object)'> (0x000000071113b940) 
thrown [t:\workspace\open\src\hotspot\share\interpreter\linkResolver.cpp, line 766]
Event: 0.403 Thread 0x000001fca8a51600 Exception <a 'java/lang/IncompatibleClassChangeError'{0x00000007111c81b8}: Found class java.lang.Object, but interface was expected> (0x00000007111c81b8) 
thrown [t:\workspace\open\src\hotspot\share\interpreter\linkResolver.cpp, line 833]
Event: 0.416 Thread 0x000001fca8a51600 Exception <a 'java/lang/NoSuchMethodError'{0x0000000710e39f20}: 'java.lang.Object java.lang.invoke.DirectMethodHandle$Holder.invokeStaticInit(java.lang.Object)'> (0x0000000710e39f20) 
thrown [t:\workspace\open\src\hotspot\share\interpreter\linkResolver.cpp, line 766]
Event: 0.421 Thread 0x000001fca8a51600 Exception <a 'sun/nio/fs/WindowsException'{0x0000000710e4eca0}> (0x0000000710e4eca0) 
thrown [t:\workspace\open\src\hotspot\share\prims\jni.cpp, line 516]

VM Operations (6 events):
Event: 0.079 Executing VM operation: HandshakeAllThreads
Event: 0.079 Executing VM operation: HandshakeAllThreads done
Event: 0.165 Executing VM operation: HandshakeAllThreads
Event: 0.165 Executing VM operation: HandshakeAllThreads done
Event: 0.260 Executing VM operation: HandshakeAllThreads
Event: 0.260 Executing VM operation: HandshakeAllThreads done

Events (20 events):
Event: 0.401 loading class java/util/MissingResourceException
Event: 0.401 loading class java/util/MissingResourceException done
Event: 0.407 Thread 0x000001fcc2c481f0 Thread added: 0x000001fcc2c481f0
Event: 0.408 loading class javax/naming/InitialContext
Event: 0.409 loading class javax/naming/Context
Event: 0.409 loading class javax/naming/Context done
Event: 0.409 loading class javax/naming/InitialContext done
Event: 0.415 loading class javax/naming/NamingException
Event: 0.415 loading class javax/naming/NamingException done
Event: 0.416 loading class com/sun/naming/internal/ResourceManager
Event: 0.416 loading class com/sun/naming/internal/ResourceManager done
Event: 0.416 loading class com/sun/naming/internal/VersionHelper
Event: 0.416 loading class com/sun/naming/internal/VersionHelper done
Event: 0.417 loading class com/sun/naming/internal/VersionHelper$InputStreamEnumeration
Event: 0.417 loading class javax/naming/NamingEnumeration
Event: 0.417 loading class javax/naming/NamingEnumeration done
Event: 0.417 loading class com/sun/naming/internal/VersionHelper$InputStreamEnumeration done
Event: 0.420 loading class sun/nio/fs/WindowsException
Event: 0.420 loading class sun/nio/fs/WindowsException done
Event: 0.421 loading class java/util/Hashtable$KeySet


Dynamic libraries:
0x00007ff764650000 - 0x00007ff764660000 	C:\Program Files\Java\jdk-17.0.1\bin\java.exe
0x00007ff87fa90000 - 0x00007ff87fc88000 	C:\WINDOWS\SYSTEM32\ntdll.dll
0x00007ff87e430000 - 0x00007ff87e4ed000 	C:\WINDOWS\System32\KERNEL32.DLL
0x00007ff87d140000 - 0x00007ff87d436000 	C:\WINDOWS\System32\KERNELBASE.dll
0x00007ff87d9c0000 - 0x00007ff87dac0000 	C:\WINDOWS\System32\ucrtbase.dll
0x00007ff83d960000 - 0x00007ff83d978000 	C:\Program Files\Java\jdk-17.0.1\bin\jli.dll
0x00007ff83d940000 - 0x00007ff83d95a000 	C:\Program Files\Java\jdk-17.0.1\bin\VCRUNTIME140.dll
0x00007ff87e250000 - 0x00007ff87e300000 	C:\WINDOWS\System32\ADVAPI32.dll
0x00007ff87ee20000 - 0x00007ff87eebe000 	C:\WINDOWS\System32\msvcrt.dll
0x00007ff87ea60000 - 0x00007ff87eb00000 	C:\WINDOWS\System32\sechost.dll
0x00007ff87e8f0000 - 0x00007ff87ea13000 	C:\WINDOWS\System32\RPCRT4.dll
0x00007ff87d710000 - 0x00007ff87d737000 	C:\WINDOWS\System32\bcrypt.dll
0x00007ff87e500000 - 0x00007ff87e69f000 	C:\WINDOWS\System32\USER32.dll
0x00007ff87d8e0000 - 0x00007ff87d902000 	C:\WINDOWS\System32\win32u.dll
0x00007ff87ea30000 - 0x00007ff87ea5b000 	C:\WINDOWS\System32\GDI32.dll
0x00007ff86ef60000 - 0x00007ff86f1fa000 	C:\WINDOWS\WinSxS\amd64_microsoft.windows.common-controls_6595b64144ccf1df_6.0.19041.4355_none_60b8b9eb71f62e16\COMCTL32.dll
0x00007ff87d5a0000 - 0x00007ff87d6b7000 	C:\WINDOWS\System32\gdi32full.dll
0x00007ff87d7b0000 - 0x00007ff87d84d000 	C:\WINDOWS\System32\msvcp_win.dll
0x00007ff876080000 - 0x00007ff87608a000 	C:\WINDOWS\SYSTEM32\VERSION.dll
0x00007ff87ed70000 - 0x00007ff87eda2000 	C:\WINDOWS\System32\IMM32.DLL
0x00007ff86e940000 - 0x00007ff86e94c000 	C:\Program Files\Java\jdk-17.0.1\bin\vcruntime140_1.dll
0x00007ff8146a0000 - 0x00007ff81472d000 	C:\Program Files\Java\jdk-17.0.1\bin\msvcp140.dll
0x00007fffcdf60000 - 0x00007fffceb1e000 	C:\Program Files\Java\jdk-17.0.1\bin\server\jvm.dll
0x00007ff87e8e0000 - 0x00007ff87e8e8000 	C:\WINDOWS\System32\PSAPI.DLL
0x00007ff869710000 - 0x00007ff869737000 	C:\WINDOWS\SYSTEM32\WINMM.dll
0x00007ff857020000 - 0x00007ff857029000 	C:\WINDOWS\SYSTEM32\WSOCK32.dll
0x00007ff87edb0000 - 0x00007ff87ee1b000 	C:\WINDOWS\System32\WS2_32.dll
0x00007ff87b910000 - 0x00007ff87b922000 	C:\WINDOWS\SYSTEM32\kernel.appcore.dll
0x00007ff86a470000 - 0x00007ff86a47a000 	C:\Program Files\Java\jdk-17.0.1\bin\jimage.dll
0x00007ff87b580000 - 0x00007ff87b764000 	C:\WINDOWS\SYSTEM32\DBGHELP.DLL
0x00007ff860800000 - 0x00007ff860834000 	C:\WINDOWS\SYSTEM32\dbgcore.DLL
0x00007ff87d850000 - 0x00007ff87d8d2000 	C:\WINDOWS\System32\bcryptPrimitives.dll
0x00007ff83d910000 - 0x00007ff83d935000 	C:\Program Files\Java\jdk-17.0.1\bin\java.dll
0x00007ff80fea0000 - 0x00007ff80ff76000 	C:\Program Files\Java\jdk-17.0.1\bin\svml.dll
0x00007ff87f2e0000 - 0x00007ff87fa4b000 	C:\WINDOWS\System32\SHELL32.dll
0x00007ff87ad20000 - 0x00007ff87b4bd000 	C:\WINDOWS\SYSTEM32\windows.storage.dll
0x00007ff87eec0000 - 0x00007ff87f213000 	C:\WINDOWS\System32\combase.dll
0x00007ff87cb60000 - 0x00007ff87cb8e000 	C:\WINDOWS\SYSTEM32\Wldp.dll
0x00007ff87dc00000 - 0x00007ff87dccd000 	C:\WINDOWS\System32\OLEAUT32.dll
0x00007ff87e1a0000 - 0x00007ff87e24d000 	C:\WINDOWS\System32\SHCORE.dll
0x00007ff87e140000 - 0x00007ff87e195000 	C:\WINDOWS\System32\shlwapi.dll
0x00007ff87d070000 - 0x00007ff87d094000 	C:\WINDOWS\SYSTEM32\profapi.dll
0x00007ff831970000 - 0x00007ff831989000 	C:\Program Files\Java\jdk-17.0.1\bin\net.dll
0x00007ff8752f0000 - 0x00007ff8753fa000 	C:\WINDOWS\SYSTEM32\WINHTTP.dll
0x00007ff87c880000 - 0x00007ff87c8ea000 	C:\WINDOWS\system32\mswsock.dll
0x00007ff831950000 - 0x00007ff831965000 	C:\Program Files\Java\jdk-17.0.1\bin\nio.dll
0x00007ff833570000 - 0x00007ff833588000 	C:\Program Files\Java\jdk-17.0.1\bin\zip.dll

dbghelp: loaded successfully - version: 4.0.5 - missing functions: none
symbol engine: initialized successfully - sym options: 0x614 - pdb path: .;C:\Program Files\Java\jdk-17.0.1\bin;C:\WINDOWS\SYSTEM32;C:\WINDOWS\WinSxS\amd64_microsoft.windows.common-controls_6595b64144ccf1df_6.0.19041.4355_none_60b8b9eb71f62e16;C:\Program Files\Java\jdk-17.0.1\bin\server

VM Arguments:
jvm_args: -XX:TieredStopAtLevel=1 
java_command: net_javaguides.teacher.TeacherBackendApplication
java_class_path (initial): C:\Users\ACER.DESKTOP-NEU9FO8\Desktop\TeacherParcialSi2\backend\teacher-backend\target\classes;C:\Users\ACER.DESKTOP-NEU9FO8\.m2\repository\org\springframework\spring-aop\6.1.8\spring-aop-6.1.8.jar;C:\Users\ACER.DESKTOP-NEU9FO8\.m2\repository\org\aspectj\aspectjweaver\1.9.22\aspectjweaver-1.9.22.jar;C:\Users\ACER.DESKTOP-NEU9FO8\.m2\repository\com\zaxxer\HikariCP\5.0.1\HikariCP-5.0.1.jar;C:\Users\ACER.DESKTOP-NEU9FO8\.m2\repository\org\springframework\spring-jdbc\6.1.8\spring-jdbc-6.1.8.jar;C:\Users\ACER.DESKTOP-NEU9FO8\.m2\repository\org\hibernate\orm\hibernate-core\6.4.8.Final\hibernate-core-6.4.8.Final.jar;C:\Users\ACER.DESKTOP-NEU9FO8\.m2\repository\jakarta\persistence\jakarta.persistence-api\3.1.0\jakarta.persistence-api-3.1.0.jar;C:\Users\ACER.DESKTOP-NEU9FO8\.m2\repository\jakarta\transaction\jakarta.transaction-api\2.0.1\jakarta.transaction-api-2.0.1.jar;C:\Users\ACER.DESKTOP-NEU9FO8\.m2\repository\org\jboss\logging\jboss-logging\3.5.3.Final\jboss-logging-3.5.3.Final.jar;C:\Users\ACER.DESKTOP-NEU9FO8\.m2\repository\org\hibernate\common\hibernate-commons-annotations\6.0.6.Final\hibernate-commons-annotations-6.0.6.Final.jar;C:\Users\ACER.DESKTOP-NEU9FO8\.m2\repository\io\smallrye\jandex\3.1.2\jandex-3.1.2.jar;C:\Users\ACER.DESKTOP-NEU9FO8\.m2\repository\com\fasterxml\classmate\1.6.0\classmate-1.6.0.jar;C:\Users\ACER.DESKTOP-NEU9FO8\.m2\repository\net\bytebuddy\byte-buddy\1.14.16\byte-buddy-1.14.16.jar;C:\Users\ACER.DESKTOP-NEU9FO8\.m2\repository\org\glassfish\jaxb\jaxb-runtime\4.0.5\jaxb-runtime-4.0.5.jar;C:\Users\ACER.DESKTOP-NEU9FO8\.m2\repository\org\glassfish\jaxb\jaxb-core\4.0.5\jaxb-core-4.0.5.jar;C:\Users\ACER.DESKTOP-NEU9FO8\.m2\repository\org\eclipse\angus\angus-activation\2.0.2\angus-activation-2.0.2.jar;C:\Users\ACER.DESKTOP-NEU9FO8\.m2\repository\org\glassfish\jaxb\txw2\4.0.5\txw2-4.0.5.jar;C:\Users\ACER.DESKTOP-NEU9FO8\.m2\repository\com\sun\istack\istack-commons-runtime\4.1.2\istack-commons-runtime-4.1.2.jar;C:\Users\
Launcher Type: SUN_STANDARD

[Global flags]
     intx CICompilerCount                          = 4                                         {product} {ergonomic}
     uint ConcGCThreads                            = 3                                         {product} {ergonomic}
     uint G1ConcRefinementThreads                  = 10                                        {product} {ergonomic}
   size_t G1HeapRegionSize                         = 2097152                                   {product} {ergonomic}
    uintx GCDrainStackTargetSize                   = 64                                        {product} {ergonomic}
   size_t InitialHeapSize                          = 266338304                                 {product} {ergonomic}
   size_t MarkStackSize                            = 4194304                                   {product} {ergonomic}
   size_t MaxHeapSize                              = 4255121408                                {product} {ergonomic}
   size_t MaxNewSize                               = 2552233984                                {product} {ergonomic}
   size_t MinHeapDeltaBytes                        = 2097152                                   {product} {ergonomic}
   size_t MinHeapSize                              = 8388608                                   {product} {ergonomic}
    uintx NonProfiledCodeHeapSize                  = 0                                      {pd product} {ergonomic}
     bool ProfileInterpreter                       = false                                  {pd product} {command line}
    uintx ProfiledCodeHeapSize                     = 0                                      {pd product} {ergonomic}
   size_t SoftMaxHeapSize                          = 4255121408                             {manageable} {ergonomic}
     intx TieredStopAtLevel                        = 1                                         {product} {command line}
     bool UseCompressedClassPointers               = true                           {product lp64_product} {ergonomic}
     bool UseCompressedOops                        = true                           {product lp64_product} {ergonomic}
     bool UseG1GC                                  = true                                      {product} {ergonomic}
     bool UseLargePagesIndividualAllocation        = false                                  {pd product} {ergonomic}

Logging:
Log output configuration:
 #0: stdout all=warning uptime,level,tags
 #1: stderr all=off uptime,level,tags

Environment Variables:
PATH=C:\Program Files\Eclipse Adoptium\jdk-17.0.11.9-hotspot\bin;C:\Program Files\Eclipse Adoptium\jre-17.0.8.101-hotspot\bin;C:\ProgramData\Oracle\Java\javapath;C:\Program Files\Common Files\Oracle\Java\javapath;C:\Program Files (x86)\Embarcadero\Studio\21.0\bin;C:\Users\Public\Documents\Embarcadero\Studio\21.0\Bpl;C:\Program Files (x86)\Embarcadero\Studio\21.0\bin64;C:\Users\Public\Documents\Embarcadero\Studio\21.0\Bpl\Win64;C:\Program Files (x86)\Embarcadero\Studio\20.0\bin;C:\Users\Public\Documents\Embarcadero\Studio\20.0\Bpl;C:\Program Files (x86)\Embarcadero\Studio\20.0\bin64;C:\Users\Public\Documents\Embarcadero\Studio\20.0\Bpl\Win64;C:\Program Files (x86)\Intel\Intel(R) Management Engine Components\iCLS\;C:\Program Files\Intel\Intel(R) Management Engine Components\iCLS\;C:\Windows\system32;C:\Windows;C:\Windows\System32\Wbem;C:\Windows\System32\WindowsPowerShell\v1.0\;C:\Windows\System32\OpenSSH\;C:\Program Files (x86)\Intel\Intel(R) Management Engine Components\DAL;C:\Program Files\Intel\Intel(R) Management Engine Components\DAL;C:\Program Files (x86)\Intel\Intel(R) Management Engine Components\IPT;C:\Program Files\Intel\Intel(R) Management Engine Components\IPT;C:\WINDOWS\system32;C:\WINDOWS;C:\WINDOWS\System32\Wbem;C:\WINDOWS\System32\WindowsPowerShell\v1.0\;C:\WINDOWS\System32\OpenSSH\;C:\Program Files\NVIDIA Corporation\NVIDIA NvDLISR;C:\Program Files (x86)\Windows Kits\10\Windows Performance Toolkit\;C:\Program Files (x86)\NVIDIA Corporation\PhysX\Common;C:\Program Files\Azure Data Studio\bin;C:\Program Files\Git\cmd;C:\Users\ACER.DESKTOP-NEU9FO8\AppData\Roaming\nvm;C:\Program Files\nodejs;C:\Program Files\Microsoft SQL Server\Client SDK\ODBC\170\Tools\Binn\;C:\Program Files (x86)\Microsoft SQL Server\150\Tools\Binn\;C:\Program Files\Microsoft SQL Server\150\Tools\Binn\;C:\Program Files\Microsoft SQL Server\150\DTS\Binn\;C:\Program Files (x86)\Microsoft SQL Server\150\DTS\Binn\;C:\Program Files (x86)\Microsoft SQL Server\160\DTS\Binn\;C:\Program Files\nod
USERNAME=ACER
OS=Windows_NT
PROCESSOR_IDENTIFIER=Intel64 Family 6 Model 158 Stepping 10, GenuineIntel



---------------  S Y S T E M  ---------------

OS:
 Windows 10 , 64 bit Build 19041 (10.0.19041.3636)
OS uptime: 1 days 6:03 hours
Hyper-V role detected

CPU: total 12 (initial active 12) (6 cores per cpu, 2 threads per core) family 6 model 158 stepping 10 microcode 0xb4, cx8, cmov, fxsr, ht, mmx, 3dnowpref, sse, sse2, sse3, ssse3, sse4.1, sse4.2, popcnt, lzcnt, tsc, tscinvbit, avx, avx2, aes, erms, clmul, bmi1, bmi2, adx, fma, vzeroupper, clflush, clflushopt, hv

Memory: 4k page, system-wide physical 16226M (3753M free)
TotalPageFile size 26226M (AvailPageFile size 5M)
current process WorkingSet (physical memory assigned to process): 61M, peak: 61M
current process commit charge ("private bytes"): 352M, peak: 352M

vm_info: Java HotSpot(TM) 64-Bit Server VM (17.0.1+12-LTS-39) for windows-amd64 JRE (17.0.1+12-LTS-39), built on Sep 27 2021 18:41:35 by "mach5one" with MS VC++ 16.8 (VS2019)

END.
