#
# There is insufficient memory for the Java Runtime Environment to continue.
# Native memory allocation (mmap) failed to map 65536 bytes for Failed to commit metaspace.
# Possible reasons:
#   The system is out of physical RAM or swap space
#   The process is running with CompressedOops enabled, and the Java Heap may be blocking the growth of the native heap
# Possible solutions:
#   Reduce memory load on the system
#   Increase physical memory or swap space
#   Check if swap backing store is full
#   Decrease Java heap size (-Xmx/-Xms)
#   Decrease number of Java threads
#   Decrease Java thread stack sizes (-Xss)
#   Set larger code cache with -XX:ReservedCodeCacheSize=
#   JVM is running with Zero Based Compressed Oops mode in which the Java heap is
#     placed in the first 32GB address space. The Java Heap base address is the
#     maximum limit for the native heap growth. Please use -XX:HeapBaseMinAddress
#     to set the Java Heap base and to place the Java Heap above 32GB virtual address.
# This output file may be truncated or incomplete.
#
#  Out of Memory Error (virtualSpaceNode.cpp:110), pid=14700, tid=18904
#
# JRE version: Java(TM) SE Runtime Environment (17.0.1+12) (build 17.0.1+12-LTS-39)
# Java VM: Java HotSpot(TM) 64-Bit Server VM (17.0.1+12-LTS-39, mixed mode, emulated-client, sharing, tiered, compressed oops, compressed class ptrs, g1 gc, windows-amd64)
# No core dump will be written. Minidumps are not enabled by default on client versions of Windows
#

---------------  S U M M A R Y ------------

Command Line: -XX:TieredStopAtLevel=1 net_javaguides.teacher.TeacherBackendApplication

Host: Intel(R) Core(TM) i7-8750H CPU @ 2.20GHz, 12 cores, 15G,  Windows 10 , 64 bit Build 19041 (10.0.19041.3636)
Time: Sat Jun  8 23:24:53 2024 Hora estándar oeste, Sudamérica elapsed time: 1.260886 seconds (0d 0h 0m 1s)

---------------  T H R E A D  ---------------

Current thread (0x000001f88c260020):  JavaThread "background-preinit" [_thread_in_vm, id=18904, stack(0x000000702db00000,0x000000702dc00000)]

Stack: [0x000000702db00000,0x000000702dc00000]
Native frames: (J=compiled Java code, j=interpreted, Vv=VM code, C=native code)
V  [jvm.dll+0x66fa1a]
V  [jvm.dll+0x7ce5a4]
V  [jvm.dll+0x7cfd4e]
V  [jvm.dll+0x7d03b3]
V  [jvm.dll+0x242b05]
V  [jvm.dll+0x7ca54b]
V  [jvm.dll+0x615b76]
V  [jvm.dll+0x1be19e]
V  [jvm.dll+0x6184b1]
V  [jvm.dll+0x616516]
V  [jvm.dll+0x3678a2]
V  [jvm.dll+0x1dfa7b]
V  [jvm.dll+0x5376b9]
V  [jvm.dll+0x7496c8]
V  [jvm.dll+0x7497b4]
V  [jvm.dll+0x408995]
V  [jvm.dll+0x40e9e8]
C  [java.dll+0x17ec]

Java frames: (J=compiled Java code, j=interpreted, Vv=VM code)
J 734  java.lang.ClassLoader.defineClass1(Ljava/lang/ClassLoader;Ljava/lang/String;[BIILjava/security/ProtectionDomain;Ljava/lang/String;)Ljava/lang/Class; java.base@17.0.1 (0 bytes) @ 0x000001f8fb3499e3 [0x000001f8fb349920+0x00000000000000c3]
J 852 c1 java.lang.ClassLoader.defineClass(Ljava/lang/String;[BIILjava/security/ProtectionDomain;)Ljava/lang/Class; java.base@17.0.1 (43 bytes) @ 0x000001f8fb37486c [0x000001f8fb374760+0x000000000000010c]
J 735 c1 jdk.internal.loader.BuiltinClassLoader.defineClass(Ljava/lang/String;Ljdk/internal/loader/Resource;)Ljava/lang/Class; java.base@17.0.1 (121 bytes) @ 0x000001f8fb34b474 [0x000001f8fb34afa0+0x00000000000004d4]
J 733 c1 jdk.internal.loader.BuiltinClassLoader.findClassOnClassPathOrNull(Ljava/lang/String;)Ljava/lang/Class; java.base@17.0.1 (64 bytes) @ 0x000001f8fb34a1c4 [0x000001f8fb349f00+0x00000000000002c4]
J 349 c1 jdk.internal.loader.BuiltinClassLoader.loadClassOrNull(Ljava/lang/String;Z)Ljava/lang/Class; java.base@17.0.1 (143 bytes) @ 0x000001f8fb2b1304 [0x000001f8fb2b0e80+0x0000000000000484]
J 579 c1 jdk.internal.loader.ClassLoaders$AppClassLoader.loadClass(Ljava/lang/String;Z)Ljava/lang/Class; java.base@17.0.1 (40 bytes) @ 0x000001f8fb30d32c [0x000001f8fb30d1e0+0x000000000000014c]
J 578 c1 java.lang.ClassLoader.loadClass(Ljava/lang/String;)Ljava/lang/Class; java.base@17.0.1 (7 bytes) @ 0x000001f8fb30c764 [0x000001f8fb30c720+0x0000000000000044]
v  ~StubRoutines::call_stub
j  org.springframework.http.converter.json.MappingJackson2HttpMessageConverter.<init>()V+1
j  org.springframework.http.converter.support.AllEncompassingFormHttpMessageConverter.<init>()V+55
j  org.springframework.boot.autoconfigure.BackgroundPreinitializer$MessageConverterInitializer.run()V+4
j  org.springframework.boot.autoconfigure.BackgroundPreinitializer$1.runSafely(Ljava/lang/Runnable;)Z+1
j  org.springframework.boot.autoconfigure.BackgroundPreinitializer$1.run()V+32
j  java.lang.Thread.run()V+11 java.base@17.0.1
v  ~StubRoutines::call_stub

---------------  P R O C E S S  ---------------

Threads class SMR info:
_java_thread_list=0x000001f88c2111f0, length=15, elements={
0x000001f8f1fb0440, 0x000001f88aef30e0, 0x000001f88aef3e60, 0x000001f88af0b1c0,
0x000001f88af0bc80, 0x000001f88af0e950, 0x000001f88af0f210, 0x000001f88af0fad0,
0x000001f88af103d0, 0x000001f88ba15a10, 0x000001f88ba18540, 0x000001f88ba1ae70,
0x000001f88ba413e0, 0x000001f88ba49a70, 0x000001f88c260020
}

Java Threads: ( => current thread )
  0x000001f8f1fb0440 JavaThread "main" [_thread_in_vm, id=15900, stack(0x000000702c100000,0x000000702c200000)]
  0x000001f88aef30e0 JavaThread "Reference Handler" daemon [_thread_blocked, id=14636, stack(0x000000702c800000,0x000000702c900000)]
  0x000001f88aef3e60 JavaThread "Finalizer" daemon [_thread_blocked, id=1288, stack(0x000000702c900000,0x000000702ca00000)]
  0x000001f88af0b1c0 JavaThread "Signal Dispatcher" daemon [_thread_blocked, id=304, stack(0x000000702ca00000,0x000000702cb00000)]
  0x000001f88af0bc80 JavaThread "Attach Listener" daemon [_thread_blocked, id=19240, stack(0x000000702cb00000,0x000000702cc00000)]
  0x000001f88af0e950 JavaThread "Service Thread" daemon [_thread_blocked, id=26092, stack(0x000000702cc00000,0x000000702cd00000)]
  0x000001f88af0f210 JavaThread "Monitor Deflation Thread" daemon [_thread_blocked, id=22452, stack(0x000000702cd00000,0x000000702ce00000)]
  0x000001f88af0fad0 JavaThread "C1 CompilerThread0" daemon [_thread_blocked, id=20068, stack(0x000000702ce00000,0x000000702cf00000)]
  0x000001f88af103d0 JavaThread "Sweeper thread" daemon [_thread_blocked, id=2220, stack(0x000000702cf00000,0x000000702d000000)]
  0x000001f88ba15a10 JavaThread "C1 CompilerThread1" daemon [_thread_blocked, id=23020, stack(0x000000702d000000,0x000000702d100000)]
  0x000001f88ba18540 JavaThread "C1 CompilerThread2" daemon [_thread_blocked, id=7264, stack(0x000000702d100000,0x000000702d200000)]
  0x000001f88ba1ae70 JavaThread "C1 CompilerThread3" daemon [_thread_blocked, id=14852, stack(0x000000702d200000,0x000000702d300000)]
  0x000001f88ba413e0 JavaThread "Notification Thread" daemon [_thread_blocked, id=17648, stack(0x000000702d300000,0x000000702d400000)]
  0x000001f88ba49a70 JavaThread "Common-Cleaner" daemon [_thread_blocked, id=25668, stack(0x000000702d500000,0x000000702d600000)]
=>0x000001f88c260020 JavaThread "background-preinit" [_thread_in_vm, id=18904, stack(0x000000702db00000,0x000000702dc00000)]

Other Threads:
  0x000001f88aeeb900 VMThread "VM Thread" [stack: 0x000000702c700000,0x000000702c800000] [id=25564]
  0x000001f8f201cb90 WatcherThread [stack: 0x000000702d400000,0x000000702d500000] [id=1648]
  0x000001f8f1fff170 GCTaskThread "GC Thread#0" [stack: 0x000000702c200000,0x000000702c300000] [id=19496]
  0x000001f88c11f3e0 GCTaskThread "GC Thread#1" [stack: 0x000000702d600000,0x000000702d700000] [id=25876]
  0x000001f88c12d790 GCTaskThread "GC Thread#2" [stack: 0x000000702d700000,0x000000702d800000] [id=21120]
  0x000001f88c12da40 GCTaskThread "GC Thread#3" [stack: 0x000000702d800000,0x000000702d900000] [id=10716]
  0x000001f88c12dcf0 GCTaskThread "GC Thread#4" [stack: 0x000000702d900000,0x000000702da00000] [id=13448]
  0x000001f88c12dfa0 GCTaskThread "GC Thread#5" [stack: 0x000000702da00000,0x000000702db00000] [id=18648]
  0x000001f88c3c6720 GCTaskThread "GC Thread#6" [stack: 0x000000702dc00000,0x000000702dd00000] [id=16020]
  0x000001f88c3c69d0 GCTaskThread "GC Thread#7" [stack: 0x000000702dd00000,0x000000702de00000] [id=13216]
  0x000001f8f2011160 ConcurrentGCThread "G1 Main Marker" [stack: 0x000000702c300000,0x000000702c400000] [id=22468]
  0x000001f8f2012a90 ConcurrentGCThread "G1 Conc#0" [stack: 0x000000702c400000,0x000000702c500000] [id=18540]
  0x000001f8f2074050 ConcurrentGCThread "G1 Refine#0" [stack: 0x000000702c500000,0x000000702c600000] [id=8176]
  0x000001f8f2074980 ConcurrentGCThread "G1 Service" [stack: 0x000000702c600000,0x000000702c700000] [id=6120]

Threads with active compile tasks:

VM state: not at safepoint (normal execution)

VM Mutex/Monitor currently owned by a thread:  ([mutex/lock_event])
[0x000001f8f1faa440] Metaspace_lock - owner thread: 0x000001f88c260020

Heap address: 0x0000000702600000, size: 4058 MB, Compressed Oops mode: Zero based, Oop shift amount: 3

CDS archive(s) mapped at: [0x0000000800000000-0x0000000800bc0000-0x0000000800bc0000), size 12320768, SharedBaseAddress: 0x0000000800000000, ArchiveRelocationMode: 0.
Compressed class space mapped at: 0x0000000800c00000-0x0000000840c00000, reserved size: 1073741824
Narrow klass base: 0x0000000800000000, Narrow klass shift: 0, Narrow klass range: 0x100000000

GC Precious Log:
 CPUs: 12 total, 12 available
 Memory: 16226M
 Large Page Support: Disabled
 NUMA Support: Disabled
 Compressed Oops: Enabled (Zero based)
 Heap Region Size: 2M
 Heap Min Capacity: 8M
 Heap Initial Capacity: 254M
 Heap Max Capacity: 4058M
 Pre-touch: Disabled
 Parallel Workers: 10
 Concurrent Workers: 3
 Concurrent Refinement Workers: 10
 Periodic GC: Disabled

Heap:
 garbage-first heap   total 260096K, used 24187K [0x0000000702600000, 0x0000000800000000)
  region size 2048K, 10 young (20480K), 1 survivors (2048K)
 Metaspace       used 12445K, committed 12672K, reserved 1064960K
  class space    used 1823K, committed 1920K, reserved 1048576K

Heap Regions: E=young(eden), S=young(survivor), O=old, HS=humongous(starts), HC=humongous(continues), CS=collection set, F=free, OA=open archive, CA=closed archive, TAMS=top-at-mark-start (previous, next)
|   0|0x0000000702600000, 0x0000000702800000, 0x0000000702800000|100%| O|  |TAMS 0x0000000702600000, 0x0000000702600000| Untracked 
|   1|0x0000000702800000, 0x0000000702a00000, 0x0000000702a00000|100%| O|  |TAMS 0x0000000702800000, 0x0000000702800000| Untracked 
|   2|0x0000000702a00000, 0x0000000702be3a00, 0x0000000702c00000| 94%| O|  |TAMS 0x0000000702a00000, 0x0000000702a00000| Untracked 
|   3|0x0000000702c00000, 0x0000000702c00000, 0x0000000702e00000|  0%| F|  |TAMS 0x0000000702c00000, 0x0000000702c00000| Untracked 
|   4|0x0000000702e00000, 0x0000000702e00000, 0x0000000703000000|  0%| F|  |TAMS 0x0000000702e00000, 0x0000000702e00000| Untracked 
|   5|0x0000000703000000, 0x0000000703000000, 0x0000000703200000|  0%| F|  |TAMS 0x0000000703000000, 0x0000000703000000| Untracked 
|   6|0x0000000703200000, 0x0000000703200000, 0x0000000703400000|  0%| F|  |TAMS 0x0000000703200000, 0x0000000703200000| Untracked 
|   7|0x0000000703400000, 0x0000000703400000, 0x0000000703600000|  0%| F|  |TAMS 0x0000000703400000, 0x0000000703400000| Untracked 
|   8|0x0000000703600000, 0x0000000703600000, 0x0000000703800000|  0%| F|  |TAMS 0x0000000703600000, 0x0000000703600000| Untracked 
|   9|0x0000000703800000, 0x0000000703800000, 0x0000000703a00000|  0%| F|  |TAMS 0x0000000703800000, 0x0000000703800000| Untracked 
|  10|0x0000000703a00000, 0x0000000703a00000, 0x0000000703c00000|  0%| F|  |TAMS 0x0000000703a00000, 0x0000000703a00000| Untracked 
|  11|0x0000000703c00000, 0x0000000703c00000, 0x0000000703e00000|  0%| F|  |TAMS 0x0000000703c00000, 0x0000000703c00000| Untracked 
|  12|0x0000000703e00000, 0x0000000703e00000, 0x0000000704000000|  0%| F|  |TAMS 0x0000000703e00000, 0x0000000703e00000| Untracked 
|  13|0x0000000704000000, 0x0000000704000000, 0x0000000704200000|  0%| F|  |TAMS 0x0000000704000000, 0x0000000704000000| Untracked 
|  14|0x0000000704200000, 0x0000000704200000, 0x0000000704400000|  0%| F|  |TAMS 0x0000000704200000, 0x0000000704200000| Untracked 
|  15|0x0000000704400000, 0x0000000704400000, 0x0000000704600000|  0%| F|  |TAMS 0x0000000704400000, 0x0000000704400000| Untracked 
|  16|0x0000000704600000, 0x0000000704600000, 0x0000000704800000|  0%| F|  |TAMS 0x0000000704600000, 0x0000000704600000| Untracked 
|  17|0x0000000704800000, 0x0000000704800000, 0x0000000704a00000|  0%| F|  |TAMS 0x0000000704800000, 0x0000000704800000| Untracked 
|  18|0x0000000704a00000, 0x0000000704a00000, 0x0000000704c00000|  0%| F|  |TAMS 0x0000000704a00000, 0x0000000704a00000| Untracked 
|  19|0x0000000704c00000, 0x0000000704c00000, 0x0000000704e00000|  0%| F|  |TAMS 0x0000000704c00000, 0x0000000704c00000| Untracked 
|  20|0x0000000704e00000, 0x0000000704e00000, 0x0000000705000000|  0%| F|  |TAMS 0x0000000704e00000, 0x0000000704e00000| Untracked 
|  21|0x0000000705000000, 0x0000000705000000, 0x0000000705200000|  0%| F|  |TAMS 0x0000000705000000, 0x0000000705000000| Untracked 
|  22|0x0000000705200000, 0x0000000705200000, 0x0000000705400000|  0%| F|  |TAMS 0x0000000705200000, 0x0000000705200000| Untracked 
|  23|0x0000000705400000, 0x0000000705400000, 0x0000000705600000|  0%| F|  |TAMS 0x0000000705400000, 0x0000000705400000| Untracked 
|  24|0x0000000705600000, 0x0000000705600000, 0x0000000705800000|  0%| F|  |TAMS 0x0000000705600000, 0x0000000705600000| Untracked 
|  25|0x0000000705800000, 0x0000000705800000, 0x0000000705a00000|  0%| F|  |TAMS 0x0000000705800000, 0x0000000705800000| Untracked 
|  26|0x0000000705a00000, 0x0000000705a00000, 0x0000000705c00000|  0%| F|  |TAMS 0x0000000705a00000, 0x0000000705a00000| Untracked 
|  27|0x0000000705c00000, 0x0000000705c00000, 0x0000000705e00000|  0%| F|  |TAMS 0x0000000705c00000, 0x0000000705c00000| Untracked 
|  28|0x0000000705e00000, 0x0000000705e00000, 0x0000000706000000|  0%| F|  |TAMS 0x0000000705e00000, 0x0000000705e00000| Untracked 
|  29|0x0000000706000000, 0x0000000706000000, 0x0000000706200000|  0%| F|  |TAMS 0x0000000706000000, 0x0000000706000000| Untracked 
|  30|0x0000000706200000, 0x0000000706200000, 0x0000000706400000|  0%| F|  |TAMS 0x0000000706200000, 0x0000000706200000| Untracked 
|  31|0x0000000706400000, 0x0000000706400000, 0x0000000706600000|  0%| F|  |TAMS 0x0000000706400000, 0x0000000706400000| Untracked 
|  32|0x0000000706600000, 0x0000000706600000, 0x0000000706800000|  0%| F|  |TAMS 0x0000000706600000, 0x0000000706600000| Untracked 
|  33|0x0000000706800000, 0x0000000706800000, 0x0000000706a00000|  0%| F|  |TAMS 0x0000000706800000, 0x0000000706800000| Untracked 
|  34|0x0000000706a00000, 0x0000000706a00000, 0x0000000706c00000|  0%| F|  |TAMS 0x0000000706a00000, 0x0000000706a00000| Untracked 
|  35|0x0000000706c00000, 0x0000000706c00000, 0x0000000706e00000|  0%| F|  |TAMS 0x0000000706c00000, 0x0000000706c00000| Untracked 
|  36|0x0000000706e00000, 0x0000000706e00000, 0x0000000707000000|  0%| F|  |TAMS 0x0000000706e00000, 0x0000000706e00000| Untracked 
|  37|0x0000000707000000, 0x0000000707000000, 0x0000000707200000|  0%| F|  |TAMS 0x0000000707000000, 0x0000000707000000| Untracked 
|  38|0x0000000707200000, 0x0000000707200000, 0x0000000707400000|  0%| F|  |TAMS 0x0000000707200000, 0x0000000707200000| Untracked 
|  39|0x0000000707400000, 0x0000000707400000, 0x0000000707600000|  0%| F|  |TAMS 0x0000000707400000, 0x0000000707400000| Untracked 
|  40|0x0000000707600000, 0x0000000707600000, 0x0000000707800000|  0%| F|  |TAMS 0x0000000707600000, 0x0000000707600000| Untracked 
|  41|0x0000000707800000, 0x0000000707800000, 0x0000000707a00000|  0%| F|  |TAMS 0x0000000707800000, 0x0000000707800000| Untracked 
|  42|0x0000000707a00000, 0x0000000707a00000, 0x0000000707c00000|  0%| F|  |TAMS 0x0000000707a00000, 0x0000000707a00000| Untracked 
|  43|0x0000000707c00000, 0x0000000707c00000, 0x0000000707e00000|  0%| F|  |TAMS 0x0000000707c00000, 0x0000000707c00000| Untracked 
|  44|0x0000000707e00000, 0x0000000707e00000, 0x0000000708000000|  0%| F|  |TAMS 0x0000000707e00000, 0x0000000707e00000| Untracked 
|  45|0x0000000708000000, 0x0000000708000000, 0x0000000708200000|  0%| F|  |TAMS 0x0000000708000000, 0x0000000708000000| Untracked 
|  46|0x0000000708200000, 0x0000000708200000, 0x0000000708400000|  0%| F|  |TAMS 0x0000000708200000, 0x0000000708200000| Untracked 
|  47|0x0000000708400000, 0x0000000708400000, 0x0000000708600000|  0%| F|  |TAMS 0x0000000708400000, 0x0000000708400000| Untracked 
|  48|0x0000000708600000, 0x0000000708600000, 0x0000000708800000|  0%| F|  |TAMS 0x0000000708600000, 0x0000000708600000| Untracked 
|  49|0x0000000708800000, 0x0000000708800000, 0x0000000708a00000|  0%| F|  |TAMS 0x0000000708800000, 0x0000000708800000| Untracked 
|  50|0x0000000708a00000, 0x0000000708a00000, 0x0000000708c00000|  0%| F|  |TAMS 0x0000000708a00000, 0x0000000708a00000| Untracked 
|  51|0x0000000708c00000, 0x0000000708c00000, 0x0000000708e00000|  0%| F|  |TAMS 0x0000000708c00000, 0x0000000708c00000| Untracked 
|  52|0x0000000708e00000, 0x0000000708e00000, 0x0000000709000000|  0%| F|  |TAMS 0x0000000708e00000, 0x0000000708e00000| Untracked 
|  53|0x0000000709000000, 0x0000000709000000, 0x0000000709200000|  0%| F|  |TAMS 0x0000000709000000, 0x0000000709000000| Untracked 
|  54|0x0000000709200000, 0x0000000709200000, 0x0000000709400000|  0%| F|  |TAMS 0x0000000709200000, 0x0000000709200000| Untracked 
|  55|0x0000000709400000, 0x0000000709400000, 0x0000000709600000|  0%| F|  |TAMS 0x0000000709400000, 0x0000000709400000| Untracked 
|  56|0x0000000709600000, 0x0000000709600000, 0x0000000709800000|  0%| F|  |TAMS 0x0000000709600000, 0x0000000709600000| Untracked 
|  57|0x0000000709800000, 0x0000000709800000, 0x0000000709a00000|  0%| F|  |TAMS 0x0000000709800000, 0x0000000709800000| Untracked 
|  58|0x0000000709a00000, 0x0000000709a00000, 0x0000000709c00000|  0%| F|  |TAMS 0x0000000709a00000, 0x0000000709a00000| Untracked 
|  59|0x0000000709c00000, 0x0000000709c00000, 0x0000000709e00000|  0%| F|  |TAMS 0x0000000709c00000, 0x0000000709c00000| Untracked 
|  60|0x0000000709e00000, 0x0000000709e00000, 0x000000070a000000|  0%| F|  |TAMS 0x0000000709e00000, 0x0000000709e00000| Untracked 
|  61|0x000000070a000000, 0x000000070a000000, 0x000000070a200000|  0%| F|  |TAMS 0x000000070a000000, 0x000000070a000000| Untracked 
|  62|0x000000070a200000, 0x000000070a200000, 0x000000070a400000|  0%| F|  |TAMS 0x000000070a200000, 0x000000070a200000| Untracked 
|  63|0x000000070a400000, 0x000000070a400000, 0x000000070a600000|  0%| F|  |TAMS 0x000000070a400000, 0x000000070a400000| Untracked 
|  64|0x000000070a600000, 0x000000070a600000, 0x000000070a800000|  0%| F|  |TAMS 0x000000070a600000, 0x000000070a600000| Untracked 
|  65|0x000000070a800000, 0x000000070a800000, 0x000000070aa00000|  0%| F|  |TAMS 0x000000070a800000, 0x000000070a800000| Untracked 
|  66|0x000000070aa00000, 0x000000070aa00000, 0x000000070ac00000|  0%| F|  |TAMS 0x000000070aa00000, 0x000000070aa00000| Untracked 
|  67|0x000000070ac00000, 0x000000070ac00000, 0x000000070ae00000|  0%| F|  |TAMS 0x000000070ac00000, 0x000000070ac00000| Untracked 
|  68|0x000000070ae00000, 0x000000070ae00000, 0x000000070b000000|  0%| F|  |TAMS 0x000000070ae00000, 0x000000070ae00000| Untracked 
|  69|0x000000070b000000, 0x000000070b000000, 0x000000070b200000|  0%| F|  |TAMS 0x000000070b000000, 0x000000070b000000| Untracked 
|  70|0x000000070b200000, 0x000000070b200000, 0x000000070b400000|  0%| F|  |TAMS 0x000000070b200000, 0x000000070b200000| Untracked 
|  71|0x000000070b400000, 0x000000070b400000, 0x000000070b600000|  0%| F|  |TAMS 0x000000070b400000, 0x000000070b400000| Untracked 
|  72|0x000000070b600000, 0x000000070b600000, 0x000000070b800000|  0%| F|  |TAMS 0x000000070b600000, 0x000000070b600000| Untracked 
|  73|0x000000070b800000, 0x000000070b800000, 0x000000070ba00000|  0%| F|  |TAMS 0x000000070b800000, 0x000000070b800000| Untracked 
|  74|0x000000070ba00000, 0x000000070ba00000, 0x000000070bc00000|  0%| F|  |TAMS 0x000000070ba00000, 0x000000070ba00000| Untracked 
|  75|0x000000070bc00000, 0x000000070bc00000, 0x000000070be00000|  0%| F|  |TAMS 0x000000070bc00000, 0x000000070bc00000| Untracked 
|  76|0x000000070be00000, 0x000000070be00000, 0x000000070c000000|  0%| F|  |TAMS 0x000000070be00000, 0x000000070be00000| Untracked 
|  77|0x000000070c000000, 0x000000070c000000, 0x000000070c200000|  0%| F|  |TAMS 0x000000070c000000, 0x000000070c000000| Untracked 
|  78|0x000000070c200000, 0x000000070c200000, 0x000000070c400000|  0%| F|  |TAMS 0x000000070c200000, 0x000000070c200000| Untracked 
|  79|0x000000070c400000, 0x000000070c400000, 0x000000070c600000|  0%| F|  |TAMS 0x000000070c400000, 0x000000070c400000| Untracked 
|  80|0x000000070c600000, 0x000000070c600000, 0x000000070c800000|  0%| F|  |TAMS 0x000000070c600000, 0x000000070c600000| Untracked 
|  81|0x000000070c800000, 0x000000070c800000, 0x000000070ca00000|  0%| F|  |TAMS 0x000000070c800000, 0x000000070c800000| Untracked 
|  82|0x000000070ca00000, 0x000000070ca00000, 0x000000070cc00000|  0%| F|  |TAMS 0x000000070ca00000, 0x000000070ca00000| Untracked 
|  83|0x000000070cc00000, 0x000000070cc00000, 0x000000070ce00000|  0%| F|  |TAMS 0x000000070cc00000, 0x000000070cc00000| Untracked 
|  84|0x000000070ce00000, 0x000000070ce00000, 0x000000070d000000|  0%| F|  |TAMS 0x000000070ce00000, 0x000000070ce00000| Untracked 
|  85|0x000000070d000000, 0x000000070d000000, 0x000000070d200000|  0%| F|  |TAMS 0x000000070d000000, 0x000000070d000000| Untracked 
|  86|0x000000070d200000, 0x000000070d200000, 0x000000070d400000|  0%| F|  |TAMS 0x000000070d200000, 0x000000070d200000| Untracked 
|  87|0x000000070d400000, 0x000000070d400000, 0x000000070d600000|  0%| F|  |TAMS 0x000000070d400000, 0x000000070d400000| Untracked 
|  88|0x000000070d600000, 0x000000070d600000, 0x000000070d800000|  0%| F|  |TAMS 0x000000070d600000, 0x000000070d600000| Untracked 
|  89|0x000000070d800000, 0x000000070d800000, 0x000000070da00000|  0%| F|  |TAMS 0x000000070d800000, 0x000000070d800000| Untracked 
|  90|0x000000070da00000, 0x000000070da00000, 0x000000070dc00000|  0%| F|  |TAMS 0x000000070da00000, 0x000000070da00000| Untracked 
|  91|0x000000070dc00000, 0x000000070dc00000, 0x000000070de00000|  0%| F|  |TAMS 0x000000070dc00000, 0x000000070dc00000| Untracked 
|  92|0x000000070de00000, 0x000000070de00000, 0x000000070e000000|  0%| F|  |TAMS 0x000000070de00000, 0x000000070de00000| Untracked 
|  93|0x000000070e000000, 0x000000070e000000, 0x000000070e200000|  0%| F|  |TAMS 0x000000070e000000, 0x000000070e000000| Untracked 
|  94|0x000000070e200000, 0x000000070e200000, 0x000000070e400000|  0%| F|  |TAMS 0x000000070e200000, 0x000000070e200000| Untracked 
|  95|0x000000070e400000, 0x000000070e400000, 0x000000070e600000|  0%| F|  |TAMS 0x000000070e400000, 0x000000070e400000| Untracked 
|  96|0x000000070e600000, 0x000000070e600000, 0x000000070e800000|  0%| F|  |TAMS 0x000000070e600000, 0x000000070e600000| Untracked 
|  97|0x000000070e800000, 0x000000070e800000, 0x000000070ea00000|  0%| F|  |TAMS 0x000000070e800000, 0x000000070e800000| Untracked 
|  98|0x000000070ea00000, 0x000000070ea00000, 0x000000070ec00000|  0%| F|  |TAMS 0x000000070ea00000, 0x000000070ea00000| Untracked 
|  99|0x000000070ec00000, 0x000000070ec00000, 0x000000070ee00000|  0%| F|  |TAMS 0x000000070ec00000, 0x000000070ec00000| Untracked 
| 100|0x000000070ee00000, 0x000000070ee00000, 0x000000070f000000|  0%| F|  |TAMS 0x000000070ee00000, 0x000000070ee00000| Untracked 
| 101|0x000000070f000000, 0x000000070f000000, 0x000000070f200000|  0%| F|  |TAMS 0x000000070f000000, 0x000000070f000000| Untracked 
| 102|0x000000070f200000, 0x000000070f200000, 0x000000070f400000|  0%| F|  |TAMS 0x000000070f200000, 0x000000070f200000| Untracked 
| 103|0x000000070f400000, 0x000000070f400000, 0x000000070f600000|  0%| F|  |TAMS 0x000000070f400000, 0x000000070f400000| Untracked 
| 104|0x000000070f600000, 0x000000070f600000, 0x000000070f800000|  0%| F|  |TAMS 0x000000070f600000, 0x000000070f600000| Untracked 
| 105|0x000000070f800000, 0x000000070f800000, 0x000000070fa00000|  0%| F|  |TAMS 0x000000070f800000, 0x000000070f800000| Untracked 
| 106|0x000000070fa00000, 0x000000070fa00000, 0x000000070fc00000|  0%| F|  |TAMS 0x000000070fa00000, 0x000000070fa00000| Untracked 
| 107|0x000000070fc00000, 0x000000070fc00000, 0x000000070fe00000|  0%| F|  |TAMS 0x000000070fc00000, 0x000000070fc00000| Untracked 
| 108|0x000000070fe00000, 0x000000070fe00000, 0x0000000710000000|  0%| F|  |TAMS 0x000000070fe00000, 0x000000070fe00000| Untracked 
| 109|0x0000000710000000, 0x0000000710000000, 0x0000000710200000|  0%| F|  |TAMS 0x0000000710000000, 0x0000000710000000| Untracked 
| 110|0x0000000710200000, 0x0000000710200000, 0x0000000710400000|  0%| F|  |TAMS 0x0000000710200000, 0x0000000710200000| Untracked 
| 111|0x0000000710400000, 0x0000000710400000, 0x0000000710600000|  0%| F|  |TAMS 0x0000000710400000, 0x0000000710400000| Untracked 
| 112|0x0000000710600000, 0x00000007107bb390, 0x0000000710800000| 86%| S|CS|TAMS 0x0000000710600000, 0x0000000710600000| Complete 
| 113|0x0000000710800000, 0x0000000710800000, 0x0000000710a00000|  0%| F|  |TAMS 0x0000000710800000, 0x0000000710800000| Untracked 
| 114|0x0000000710a00000, 0x0000000710a00000, 0x0000000710c00000|  0%| F|  |TAMS 0x0000000710a00000, 0x0000000710a00000| Untracked 
| 115|0x0000000710c00000, 0x0000000710c00000, 0x0000000710e00000|  0%| F|  |TAMS 0x0000000710c00000, 0x0000000710c00000| Untracked 
| 116|0x0000000710e00000, 0x0000000710e00000, 0x0000000711000000|  0%| F|  |TAMS 0x0000000710e00000, 0x0000000710e00000| Untracked 
| 117|0x0000000711000000, 0x0000000711000000, 0x0000000711200000|  0%| F|  |TAMS 0x0000000711000000, 0x0000000711000000| Untracked 
| 118|0x0000000711200000, 0x00000007113bb110, 0x0000000711400000| 86%| E|  |TAMS 0x0000000711200000, 0x0000000711200000| Complete 
| 119|0x0000000711400000, 0x0000000711600000, 0x0000000711600000|100%| E|CS|TAMS 0x0000000711400000, 0x0000000711400000| Complete 
| 120|0x0000000711600000, 0x0000000711800000, 0x0000000711800000|100%| E|CS|TAMS 0x0000000711600000, 0x0000000711600000| Complete 
| 121|0x0000000711800000, 0x0000000711a00000, 0x0000000711a00000|100%| E|CS|TAMS 0x0000000711800000, 0x0000000711800000| Complete 
| 122|0x0000000711a00000, 0x0000000711c00000, 0x0000000711c00000|100%| E|CS|TAMS 0x0000000711a00000, 0x0000000711a00000| Complete 
| 123|0x0000000711c00000, 0x0000000711e00000, 0x0000000711e00000|100%| E|CS|TAMS 0x0000000711c00000, 0x0000000711c00000| Complete 
| 124|0x0000000711e00000, 0x0000000712000000, 0x0000000712000000|100%| E|CS|TAMS 0x0000000711e00000, 0x0000000711e00000| Complete 
| 125|0x0000000712000000, 0x0000000712200000, 0x0000000712200000|100%| E|CS|TAMS 0x0000000712000000, 0x0000000712000000| Complete 
| 126|0x0000000712200000, 0x0000000712400000, 0x0000000712400000|100%| E|CS|TAMS 0x0000000712200000, 0x0000000712200000| Complete 

Card table byte_map: [0x000001f8ff2b0000,0x000001f8ffaa0000] _byte_map_base: 0x000001f8fba9d000

Marking Bits (Prev, Next): (CMBitMap*) 0x000001f8f2000aa0, (CMBitMap*) 0x000001f8f2000ae0
 Prev Bits: [0x000001f8807f0000, 0x000001f884758000)
 Next Bits: [0x000001f884760000, 0x000001f8886c8000)

Polling page: 0x000001f8faf60000

Metaspace:

Usage:
  Non-class:     10.37 MB used.
      Class:      1.78 MB used.
       Both:     12.15 MB used.

Virtual space:
  Non-class space:       16.00 MB reserved,      10.50 MB ( 66%) committed,  2 nodes.
      Class space:        1.00 GB reserved,       1.88 MB ( <1%) committed,  1 nodes.
             Both:        1.02 GB reserved,      12.38 MB (  1%) committed. 

Chunk freelists:
   Non-Class:  176.00 KB
       Class:  2.05 MB
        Both:  2.22 MB

MaxMetaspaceSize: unlimited
CompressedClassSpaceSize: 1.00 GB
Initial GC threshold: 21.00 MB
Current GC threshold: 21.00 MB
CDS: on
MetaspaceReclaimPolicy: balanced
 - commit_granule_bytes: 65536.
 - commit_granule_words: 8192.
 - virtual_space_node_default_size: 1048576.
 - enlarge_chunks_in_place: 1.
 - new_chunks_are_fully_committed: 0.
 - uncommit_free_chunks: 1.
 - use_allocation_guard: 0.
 - handle_deallocations: 1.


Internal statistics:

num_allocs_failed_limit: 0.
num_arena_births: 192.
num_arena_deaths: 0.
num_vsnodes_births: 3.
num_vsnodes_deaths: 0.
num_space_committed: 198.
num_space_uncommitted: 0.
num_chunks_returned_to_freelist: 0.
num_chunks_taken_from_freelist: 633.
num_chunk_merges: 0.
num_chunk_splits: 424.
num_chunks_enlarged: 327.
num_purges: 0.
num_inconsistent_stats: 0.

CodeCache: size=49152Kb used=5562Kb max_used=5562Kb free=43589Kb
 bounds [0x000001f8faf80000, 0x000001f8fb4f0000, 0x000001f8fdf80000]
 total_blobs=2296 nmethods=1832 adapters=388
 compilation: enabled
              stopped_count=0, restarted_count=0
 full_count=0

Compilation events (20 events):
Event: 1.252 Thread 0x000001f88ba15a10 nmethod 1813 0x000001f8fb4e9e10 code [0x000001f8fb4ea180, 0x000001f8fb4eafa8]
Event: 1.252 Thread 0x000001f88ba1ae70 nmethod 1823 0x000001f8fb4eb810 code [0x000001f8fb4eb9c0, 0x000001f8fb4ebbd8]
Event: 1.252 Thread 0x000001f88ba1ae70 1824       1       java.lang.StringLatin1::indexOfNonWhitespace (49 bytes)
Event: 1.253 Thread 0x000001f88af0fad0 1825       1       org.springframework.asm.ClassReader::readUnsignedShort (26 bytes)
Event: 1.253 Thread 0x000001f88ba1ae70 nmethod 1824 0x000001f8fb4ebd10 code [0x000001f8fb4ebea0, 0x000001f8fb4ebfd8]
Event: 1.253 Thread 0x000001f88af0fad0 nmethod 1825 0x000001f8fb4ec110 code [0x000001f8fb4ec2a0, 0x000001f8fb4ec3d8]
Event: 1.254 Thread 0x000001f88ba1ae70 1826       1       org.springframework.core.annotation.AnnotationTypeMappings::size (10 bytes)
Event: 1.254 Thread 0x000001f88ba1ae70 nmethod 1826 0x000001f8fb4ec790 code [0x000001f8fb4ec920, 0x000001f8fb4eca08]
Event: 1.255 Thread 0x000001f88ba18540 1827       1       org.springframework.core.annotation.AnnotationTypeMapping::getMirrorSets (5 bytes)
Event: 1.255 Thread 0x000001f88ba18540 nmethod 1827 0x000001f8fb4eca90 code [0x000001f8fb4ecc20, 0x000001f8fb4eccf8]
Event: 1.255 Thread 0x000001f88af0fad0 1828       1       java.util.HashMap::<init> (8 bytes)
Event: 1.255 Thread 0x000001f88af0fad0 nmethod 1828 0x000001f8fb4ecd90 code [0x000001f8fb4ecf40, 0x000001f8fb4ed028]
Event: 1.256 Thread 0x000001f88ba1ae70 1829       1       org.springframework.asm.ClassReader::readUtf (161 bytes)
Event: 1.256 Thread 0x000001f88ba1ae70 nmethod 1829 0x000001f8fb4ed090 code [0x000001f8fb4ed260, 0x000001f8fb4ed5b8]
Event: 1.257 Thread 0x000001f88ba18540 1830       1       org.springframework.asm.ClassReader::readUtf (44 bytes)
Event: 1.257 Thread 0x000001f88ba1ae70 1831       1       org.springframework.asm.ClassReader::readUTF8 (23 bytes)
Event: 1.257 Thread 0x000001f88ba1ae70 nmethod 1831 0x000001f8fb4ed890 code [0x000001f8fb4eda40, 0x000001f8fb4edbc8]
Event: 1.257 Thread 0x000001f88ba18540 nmethod 1830 0x000001f8fb4edd10 code [0x000001f8fb4edec0, 0x000001f8fb4ee1a8]
Event: 1.257 Thread 0x000001f88ba15a10 1832       1       sun.reflect.annotation.AnnotationType::invocationHandlerReturnType (82 bytes)
Event: 1.257 Thread 0x000001f88ba15a10 nmethod 1832 0x000001f8fb4ee390 code [0x000001f8fb4ee580, 0x000001f8fb4ee858]

GC Heap History (4 events):
Event: 0.615 GC heap before
{Heap before GC invocations=0 (full 0):
 garbage-first heap   total 260096K, used 20480K [0x0000000702600000, 0x0000000800000000)
  region size 2048K, 11 young (22528K), 0 survivors (0K)
 Metaspace       used 4355K, committed 4544K, reserved 1056768K
  class space    used 571K, committed 640K, reserved 1048576K
}
Event: 0.619 GC heap after
{Heap after GC invocations=1 (full 0):
 garbage-first heap   total 260096K, used 5917K [0x0000000702600000, 0x0000000800000000)
  region size 2048K, 2 young (4096K), 2 survivors (4096K)
 Metaspace       used 4355K, committed 4544K, reserved 1056768K
  class space    used 571K, committed 640K, reserved 1048576K
}
Event: 1.049 GC heap before
{Heap before GC invocations=1 (full 0):
 garbage-first heap   total 260096K, used 30493K [0x0000000702600000, 0x0000000800000000)
  region size 2048K, 14 young (28672K), 2 survivors (4096K)
 Metaspace       used 9397K, committed 9664K, reserved 1064960K
  class space    used 1347K, committed 1472K, reserved 1048576K
}
Event: 1.054 GC heap after
{Heap after GC invocations=2 (full 0):
 garbage-first heap   total 260096K, used 7803K [0x0000000702600000, 0x0000000800000000)
  region size 2048K, 1 young (2048K), 1 survivors (2048K)
 Metaspace       used 9397K, committed 9664K, reserved 1064960K
  class space    used 1347K, committed 1472K, reserved 1048576K
}

Deoptimization events (4 events):
Event: 0.499 Thread 0x000001f8f1fb0440 DEOPT PACKING pc=0x000001f8fb347401 sp=0x000000702c1fdbb0
Event: 0.499 Thread 0x000001f8f1fb0440 DEOPT UNPACKING pc=0x000001f8fafd2b43 sp=0x000000702c1fd020 mode 3
Event: 1.045 Thread 0x000001f8f1fb0440 DEOPT PACKING pc=0x000001f8fb4789f9 sp=0x000000702c1fd760
Event: 1.045 Thread 0x000001f8f1fb0440 DEOPT UNPACKING pc=0x000001f8fafd2b43 sp=0x000000702c1fcc40 mode 3

Classes unloaded (0 events):
No events

Classes redefined (0 events):
No events

Internal exceptions (20 events):
Event: 0.770 Thread 0x000001f8f1fb0440 Exception <a 'java/lang/NoSuchMethodError'{0x0000000711ce14f8}: 'int java.lang.invoke.DirectMethodHandle$Holder.invokeInterface(java.lang.Object, java.lang.Object)'> (0x0000000711ce14f8) 
thrown [t:\workspace\open\src\hotspot\share\interpreter\linkResolver.cpp, line 766]
Event: 0.797 Thread 0x000001f8f1fb0440 Exception <a 'java/lang/NoSuchMethodError'{0x0000000711df50f0}: 'java.lang.Object java.lang.invoke.DirectMethodHandle$Holder.invokeSpecial(java.lang.Object, java.lang.Object, java.lang.Object, int, java.lang.Object)'> (0x0000000711df50f0) 
thrown [t:\workspace\open\src\hotspot\share\interpreter\linkResolver.cpp, line 766]
Event: 0.798 Thread 0x000001f8f1fb0440 Exception <a 'java/lang/NoSuchMethodError'{0x0000000711dfd750}: 'java.lang.Object java.lang.invoke.DirectMethodHandle$Holder.newInvokeSpecial(java.lang.Object, java.lang.Object, java.lang.Object, int, java.lang.Object)'> (0x0000000711dfd750) 
thrown [t:\workspace\open\src\hotspot\share\interpreter\linkResolver.cpp, line 766]
Event: 0.798 Thread 0x000001f8f1fb0440 Exception <a 'java/lang/NoSuchMethodError'{0x0000000711a05190}: 'java.lang.Object java.lang.invoke.Invokers$Holder.linkToTargetMethod(java.lang.Object, java.lang.Object, int, java.lang.Object, java.lang.Object)'> (0x0000000711a05190) 
thrown [t:\workspace\open\src\hotspot\share\interpreter\linkResolver.cpp, line 766]
Event: 0.800 Thread 0x000001f8f1fb0440 Exception <a 'java/lang/NoSuchMethodError'{0x0000000711a14558}: 'java.lang.Object java.lang.invoke.DirectMethodHandle$Holder.newInvokeSpecial(java.lang.Object, int, java.lang.Object)'> (0x0000000711a14558) 
thrown [t:\workspace\open\src\hotspot\share\interpreter\linkResolver.cpp, line 766]
Event: 0.800 Thread 0x000001f8f1fb0440 Exception <a 'java/lang/NoSuchMethodError'{0x0000000711a19238}: 'int java.lang.invoke.DirectMethodHandle$Holder.invokeSpecialIFC(java.lang.Object, java.lang.Object, java.lang.Object, java.lang.Object)'> (0x0000000711a19238) 
thrown [t:\workspace\open\src\hotspot\share\interpreter\linkResolver.cpp, line 766]
Event: 0.815 Thread 0x000001f8f1fb0440 Exception <a 'java/lang/NoSuchMethodError'{0x0000000711aea878}: 'void java.lang.invoke.DirectMethodHandle$Holder.invokeInterface(java.lang.Object, java.lang.Object, java.lang.Object)'> (0x0000000711aea878) 
thrown [t:\workspace\open\src\hotspot\share\interpreter\linkResolver.cpp, line 766]
Event: 0.830 Thread 0x000001f8f1fb0440 Exception <a 'java/lang/NoSuchMethodError'{0x0000000711b7fb30}: 'void java.lang.invoke.DirectMethodHandle$Holder.invokeStaticInit(java.lang.Object, java.lang.Object, java.lang.Object)'> (0x0000000711b7fb30) 
thrown [t:\workspace\open\src\hotspot\share\interpreter\linkResolver.cpp, line 766]
Event: 0.835 Thread 0x000001f8f1fb0440 Exception <a 'java/lang/NoSuchMethodError'{0x0000000711bc9290}: 'java.lang.Object java.lang.invoke.DirectMethodHandle$Holder.invokeVirtual(java.lang.Object, java.lang.Object, java.lang.Object)'> (0x0000000711bc9290) 
thrown [t:\workspace\open\src\hotspot\share\interpreter\linkResolver.cpp, line 766]
Event: 0.838 Thread 0x000001f8f1fb0440 Exception <a 'java/lang/NoSuchMethodError'{0x0000000711bef110}: 'java.lang.Object java.lang.invoke.DirectMethodHandle$Holder.invokeStatic(java.lang.Object, java.lang.Object, long, java.lang.Object)'> (0x0000000711bef110) 
thrown [t:\workspace\open\src\hotspot\share\interpreter\linkResolver.cpp, line 766]
Event: 0.839 Thread 0x000001f8f1fb0440 Exception <a 'java/lang/NoSuchMethodError'{0x0000000711bf2ba8}: 'java.lang.Object java.lang.invoke.DirectMethodHandle$Holder.invokeStaticInit(java.lang.Object, java.lang.Object, long, java.lang.Object)'> (0x0000000711bf2ba8) 
thrown [t:\workspace\open\src\hotspot\share\interpreter\linkResolver.cpp, line 766]
Event: 0.839 Thread 0x000001f8f1fb0440 Exception <a 'java/lang/NoSuchMethodError'{0x0000000711bf9328}: 'java.lang.Object java.lang.invoke.DirectMethodHandle$Holder.newInvokeSpecial(java.lang.Object, java.lang.Object, long)'> (0x0000000711bf9328) 
thrown [t:\workspace\open\src\hotspot\share\interpreter\linkResolver.cpp, line 766]
Event: 0.839 Thread 0x000001f8f1fb0440 Exception <a 'java/lang/NoSuchMethodError'{0x0000000711bfce98}: 'java.lang.Object java.lang.invoke.Invokers$Holder.linkToTargetMethod(java.lang.Object, long, java.lang.Object)'> (0x0000000711bfce98) 
thrown [t:\workspace\open\src\hotspot\share\interpreter\linkResolver.cpp, line 766]
Event: 0.849 Thread 0x000001f8f1fb0440 Exception <a 'java/lang/NoSuchMethodError'{0x0000000711857e18}: 'void java.lang.invoke.DirectMethodHandle$Holder.invokeSpecial(java.lang.Object, java.lang.Object, java.lang.Object, java.lang.Object, java.lang.Object)'> (0x0000000711857e18) 
thrown [t:\workspace\open\src\hotspot\share\interpreter\linkResolver.cpp, line 766]
Event: 0.851 Thread 0x000001f8f1fb0440 Exception <a 'java/lang/NoSuchMethodError'{0x00000007118603a8}: 'void java.lang.invoke.DirectMethodHandle$Holder.invokeVirtual(java.lang.Object, java.lang.Object, java.lang.Object, java.lang.Object)'> (0x00000007118603a8) 
thrown [t:\workspace\open\src\hotspot\share\interpreter\linkResolver.cpp, line 766]
Event: 0.880 Thread 0x000001f8f1fb0440 Exception <a 'java/lang/NoSuchMethodError'{0x00000007119df048}: 'void java.lang.invoke.DirectMethodHandle$Holder.invokeSpecial(java.lang.Object, java.lang.Object, java.lang.Object)'> (0x00000007119df048) 
thrown [t:\workspace\open\src\hotspot\share\interpreter\linkResolver.cpp, line 766]
Event: 0.889 Thread 0x000001f8f1fb0440 Exception <a 'java/lang/IncompatibleClassChangeError'{0x000000071162fa58}: Found class java.lang.Object, but interface was expected> (0x000000071162fa58) 
thrown [t:\workspace\open\src\hotspot\share\interpreter\linkResolver.cpp, line 833]
Event: 1.192 Thread 0x000001f8f1fb0440 Exception <a 'sun/nio/fs/WindowsException'{0x0000000711887ac0}> (0x0000000711887ac0) 
thrown [t:\workspace\open\src\hotspot\share\prims\jni.cpp, line 516]
Event: 1.193 Thread 0x000001f8f1fb0440 Exception <a 'java/lang/NoSuchMethodError'{0x00000007118899a0}: 'int java.lang.invoke.DirectMethodHandle$Holder.invokeSpecial(java.lang.Object, java.lang.Object, java.lang.Object, java.lang.Object, java.lang.Object)'> (0x00000007118899a0) 
thrown [t:\workspace\open\src\hotspot\share\interpreter\linkResolver.cpp, line 766]
Event: 1.195 Thread 0x000001f8f1fb0440 Exception <a 'java/lang/NoSuchMethodError'{0x00000007118928b0}: 'void java.lang.invoke.DirectMethodHandle$Holder.invokeVirtual(java.lang.Object, java.lang.Object)'> (0x00000007118928b0) 
thrown [t:\workspace\open\src\hotspot\share\interpreter\linkResolver.cpp, line 766]

VM Operations (20 events):
Event: 0.243 Executing VM operation: HandshakeAllThreads
Event: 0.243 Executing VM operation: HandshakeAllThreads done
Event: 0.405 Executing VM operation: HandshakeAllThreads
Event: 0.405 Executing VM operation: HandshakeAllThreads done
Event: 0.593 Executing VM operation: HandshakeAllThreads
Event: 0.593 Executing VM operation: HandshakeAllThreads done
Event: 0.615 Executing VM operation: G1CollectForAllocation
Event: 0.620 Executing VM operation: G1CollectForAllocation done
Event: 0.782 Executing VM operation: HandshakeAllThreads
Event: 0.782 Executing VM operation: HandshakeAllThreads done
Event: 0.878 Executing VM operation: HandshakeAllThreads
Event: 0.878 Executing VM operation: HandshakeAllThreads done
Event: 1.032 Executing VM operation: ICBufferFull
Event: 1.032 Executing VM operation: ICBufferFull done
Event: 1.049 Executing VM operation: G1CollectForAllocation
Event: 1.054 Executing VM operation: G1CollectForAllocation done
Event: 1.117 Executing VM operation: HandshakeAllThreads
Event: 1.117 Executing VM operation: HandshakeAllThreads done
Event: 1.168 Executing VM operation: HandshakeAllThreads
Event: 1.168 Executing VM operation: HandshakeAllThreads done

Events (20 events):
Event: 1.247 loading class jdk/xml/internal/JdkProperty$ImplPropMap
Event: 1.247 loading class jdk/xml/internal/JdkProperty$ImplPropMap done
Event: 1.247 loading class jdk/xml/internal/JdkProperty$State
Event: 1.247 loading class jdk/xml/internal/JdkProperty$State done
Event: 1.247 loading class com/sun/org/apache/xalan/internal/utils/XMLSecurityPropertyManager
Event: 1.247 loading class com/sun/org/apache/xalan/internal/utils/FeaturePropertyBase
Event: 1.247 loading class com/sun/org/apache/xalan/internal/utils/FeaturePropertyBase done
Event: 1.247 loading class com/sun/org/apache/xalan/internal/utils/XMLSecurityPropertyManager done
Event: 1.248 loading class com/sun/org/apache/xalan/internal/utils/FeaturePropertyBase$State
Event: 1.248 loading class com/sun/org/apache/xalan/internal/utils/FeaturePropertyBase$State done
Event: 1.248 loading class com/sun/org/apache/xalan/internal/utils/XMLSecurityPropertyManager$Property
Event: 1.248 loading class com/sun/org/apache/xalan/internal/utils/XMLSecurityPropertyManager$Property done
Event: 1.248 loading class com/sun/org/apache/xalan/internal/utils/XMLSecurityManager
Event: 1.248 loading class com/sun/org/apache/xalan/internal/utils/XMLSecurityManager done
Event: 1.248 loading class com/sun/org/apache/xalan/internal/utils/XMLSecurityManager$Limit
Event: 1.248 loading class com/sun/org/apache/xalan/internal/utils/XMLSecurityManager$Limit done
Event: 1.248 loading class com/sun/org/apache/xalan/internal/utils/XMLSecurityManager$NameMap
Event: 1.248 loading class com/sun/org/apache/xalan/internal/utils/XMLSecurityManager$NameMap done
Event: 1.248 loading class jdk/xml/internal/JdkProperty
Event: 1.248 loading class jdk/xml/internal/JdkProperty done


Dynamic libraries:
0x00007ff764650000 - 0x00007ff764660000 	C:\Program Files\Java\jdk-17.0.1\bin\java.exe
0x00007ff87fa90000 - 0x00007ff87fc88000 	C:\WINDOWS\SYSTEM32\ntdll.dll
0x00007ff87e430000 - 0x00007ff87e4ed000 	C:\WINDOWS\System32\KERNEL32.DLL
0x00007ff87d140000 - 0x00007ff87d436000 	C:\WINDOWS\System32\KERNELBASE.dll
0x00007ff87d9c0000 - 0x00007ff87dac0000 	C:\WINDOWS\System32\ucrtbase.dll
0x00007ff8782c0000 - 0x00007ff8782d8000 	C:\Program Files\Java\jdk-17.0.1\bin\jli.dll
0x00007ff875a30000 - 0x00007ff875a4a000 	C:\Program Files\Java\jdk-17.0.1\bin\VCRUNTIME140.dll
0x00007ff87e250000 - 0x00007ff87e300000 	C:\WINDOWS\System32\ADVAPI32.dll
0x00007ff87ee20000 - 0x00007ff87eebe000 	C:\WINDOWS\System32\msvcrt.dll
0x00007ff87ea60000 - 0x00007ff87eb00000 	C:\WINDOWS\System32\sechost.dll
0x00007ff87e8f0000 - 0x00007ff87ea13000 	C:\WINDOWS\System32\RPCRT4.dll
0x00007ff87d710000 - 0x00007ff87d737000 	C:\WINDOWS\System32\bcrypt.dll
0x00007ff87e500000 - 0x00007ff87e69f000 	C:\WINDOWS\System32\USER32.dll
0x00007ff87d8e0000 - 0x00007ff87d902000 	C:\WINDOWS\System32\win32u.dll
0x00007ff86ef60000 - 0x00007ff86f1fa000 	C:\WINDOWS\WinSxS\amd64_microsoft.windows.common-controls_6595b64144ccf1df_6.0.19041.4355_none_60b8b9eb71f62e16\COMCTL32.dll
0x00007ff87ea30000 - 0x00007ff87ea5b000 	C:\WINDOWS\System32\GDI32.dll
0x00007ff87d5a0000 - 0x00007ff87d6b7000 	C:\WINDOWS\System32\gdi32full.dll
0x00007ff87d7b0000 - 0x00007ff87d84d000 	C:\WINDOWS\System32\msvcp_win.dll
0x00007ff876080000 - 0x00007ff87608a000 	C:\WINDOWS\SYSTEM32\VERSION.dll
0x00007ff87ed70000 - 0x00007ff87eda2000 	C:\WINDOWS\System32\IMM32.DLL
0x00007ff87b860000 - 0x00007ff87b86c000 	C:\Program Files\Java\jdk-17.0.1\bin\vcruntime140_1.dll
0x00007ff83d970000 - 0x00007ff83d9fd000 	C:\Program Files\Java\jdk-17.0.1\bin\msvcp140.dll
0x00007ff80a8d0000 - 0x00007ff80b48e000 	C:\Program Files\Java\jdk-17.0.1\bin\server\jvm.dll
0x00007ff87e8e0000 - 0x00007ff87e8e8000 	C:\WINDOWS\System32\PSAPI.DLL
0x00007ff857020000 - 0x00007ff857029000 	C:\WINDOWS\SYSTEM32\WSOCK32.dll
0x00007ff869710000 - 0x00007ff869737000 	C:\WINDOWS\SYSTEM32\WINMM.dll
0x00007ff87edb0000 - 0x00007ff87ee1b000 	C:\WINDOWS\System32\WS2_32.dll
0x00007ff87b910000 - 0x00007ff87b922000 	C:\WINDOWS\SYSTEM32\kernel.appcore.dll
0x00007ff878360000 - 0x00007ff87836a000 	C:\Program Files\Java\jdk-17.0.1\bin\jimage.dll
0x00007ff87b580000 - 0x00007ff87b764000 	C:\WINDOWS\SYSTEM32\DBGHELP.DLL
0x00007ff860800000 - 0x00007ff860834000 	C:\WINDOWS\SYSTEM32\dbgcore.DLL
0x00007ff87d850000 - 0x00007ff87d8d2000 	C:\WINDOWS\System32\bcryptPrimitives.dll
0x00007ff873b40000 - 0x00007ff873b65000 	C:\Program Files\Java\jdk-17.0.1\bin\java.dll
0x00007ff83d590000 - 0x00007ff83d666000 	C:\Program Files\Java\jdk-17.0.1\bin\svml.dll
0x00007ff87f2e0000 - 0x00007ff87fa4b000 	C:\WINDOWS\System32\SHELL32.dll
0x00007ff87ad20000 - 0x00007ff87b4bd000 	C:\WINDOWS\SYSTEM32\windows.storage.dll
0x00007ff87eec0000 - 0x00007ff87f213000 	C:\WINDOWS\System32\combase.dll
0x00007ff87cb60000 - 0x00007ff87cb8e000 	C:\WINDOWS\SYSTEM32\Wldp.dll
0x00007ff87dc00000 - 0x00007ff87dccd000 	C:\WINDOWS\System32\OLEAUT32.dll
0x00007ff87e1a0000 - 0x00007ff87e24d000 	C:\WINDOWS\System32\SHCORE.dll
0x00007ff87e140000 - 0x00007ff87e195000 	C:\WINDOWS\System32\shlwapi.dll
0x00007ff87d070000 - 0x00007ff87d094000 	C:\WINDOWS\SYSTEM32\profapi.dll
0x00007ff86ead0000 - 0x00007ff86eae9000 	C:\Program Files\Java\jdk-17.0.1\bin\net.dll
0x00007ff8752f0000 - 0x00007ff8753fa000 	C:\WINDOWS\SYSTEM32\WINHTTP.dll
0x00007ff87c880000 - 0x00007ff87c8ea000 	C:\WINDOWS\system32\mswsock.dll
0x00007ff86a430000 - 0x00007ff86a445000 	C:\Program Files\Java\jdk-17.0.1\bin\nio.dll
0x00007ff8759e0000 - 0x00007ff8759f8000 	C:\Program Files\Java\jdk-17.0.1\bin\zip.dll

dbghelp: loaded successfully - version: 4.0.5 - missing functions: none
symbol engine: initialized successfully - sym options: 0x614 - pdb path: .;C:\Program Files\Java\jdk-17.0.1\bin;C:\WINDOWS\SYSTEM32;C:\WINDOWS\WinSxS\amd64_microsoft.windows.common-controls_6595b64144ccf1df_6.0.19041.4355_none_60b8b9eb71f62e16;C:\Program Files\Java\jdk-17.0.1\bin\server

VM Arguments:
jvm_args: -XX:TieredStopAtLevel=1 
java_command: net_javaguides.teacher.TeacherBackendApplication
java_class_path (initial): C:\Users\ACER.DESKTOP-NEU9FO8\Desktop\TeacherParcialSi2\backend\teacher-backend\target\classes;C:\Users\ACER.DESKTOP-NEU9FO8\.m2\repository\org\springframework\spring-aop\6.1.8\spring-aop-6.1.8.jar;C:\Users\ACER.DESKTOP-NEU9FO8\.m2\repository\org\aspectj\aspectjweaver\1.9.22\aspectjweaver-1.9.22.jar;C:\Users\ACER.DESKTOP-NEU9FO8\.m2\repository\com\zaxxer\HikariCP\5.0.1\HikariCP-5.0.1.jar;C:\Users\ACER.DESKTOP-NEU9FO8\.m2\repository\org\springframework\spring-jdbc\6.1.8\spring-jdbc-6.1.8.jar;C:\Users\ACER.DESKTOP-NEU9FO8\.m2\repository\org\hibernate\orm\hibernate-core\6.4.8.Final\hibernate-core-6.4.8.Final.jar;C:\Users\ACER.DESKTOP-NEU9FO8\.m2\repository\jakarta\persistence\jakarta.persistence-api\3.1.0\jakarta.persistence-api-3.1.0.jar;C:\Users\ACER.DESKTOP-NEU9FO8\.m2\repository\jakarta\transaction\jakarta.transaction-api\2.0.1\jakarta.transaction-api-2.0.1.jar;C:\Users\ACER.DESKTOP-NEU9FO8\.m2\repository\org\jboss\logging\jboss-logging\3.5.3.Final\jboss-logging-3.5.3.Final.jar;C:\Users\ACER.DESKTOP-NEU9FO8\.m2\repository\org\hibernate\common\hibernate-commons-annotations\6.0.6.Final\hibernate-commons-annotations-6.0.6.Final.jar;C:\Users\ACER.DESKTOP-NEU9FO8\.m2\repository\io\smallrye\jandex\3.1.2\jandex-3.1.2.jar;C:\Users\ACER.DESKTOP-NEU9FO8\.m2\repository\com\fasterxml\classmate\1.6.0\classmate-1.6.0.jar;C:\Users\ACER.DESKTOP-NEU9FO8\.m2\repository\net\bytebuddy\byte-buddy\1.14.16\byte-buddy-1.14.16.jar;C:\Users\ACER.DESKTOP-NEU9FO8\.m2\repository\org\glassfish\jaxb\jaxb-runtime\4.0.5\jaxb-runtime-4.0.5.jar;C:\Users\ACER.DESKTOP-NEU9FO8\.m2\repository\org\glassfish\jaxb\jaxb-core\4.0.5\jaxb-core-4.0.5.jar;C:\Users\ACER.DESKTOP-NEU9FO8\.m2\repository\org\eclipse\angus\angus-activation\2.0.2\angus-activation-2.0.2.jar;C:\Users\ACER.DESKTOP-NEU9FO8\.m2\repository\org\glassfish\jaxb\txw2\4.0.5\txw2-4.0.5.jar;C:\Users\ACER.DESKTOP-NEU9FO8\.m2\repository\com\sun\istack\istack-commons-runtime\4.1.2\istack-commons-runtime-4.1.2.jar;C:\Users\
Launcher Type: SUN_STANDARD

[Global flags]
     intx CICompilerCount                          = 4                                         {product} {ergonomic}
     uint ConcGCThreads                            = 3                                         {product} {ergonomic}
     uint G1ConcRefinementThreads                  = 10                                        {product} {ergonomic}
   size_t G1HeapRegionSize                         = 2097152                                   {product} {ergonomic}
    uintx GCDrainStackTargetSize                   = 64                                        {product} {ergonomic}
   size_t InitialHeapSize                          = 266338304                                 {product} {ergonomic}
   size_t MarkStackSize                            = 4194304                                   {product} {ergonomic}
   size_t MaxHeapSize                              = 4255121408                                {product} {ergonomic}
   size_t MaxNewSize                               = 2552233984                                {product} {ergonomic}
   size_t MinHeapDeltaBytes                        = 2097152                                   {product} {ergonomic}
   size_t MinHeapSize                              = 8388608                                   {product} {ergonomic}
    uintx NonProfiledCodeHeapSize                  = 0                                      {pd product} {ergonomic}
     bool ProfileInterpreter                       = false                                  {pd product} {command line}
    uintx ProfiledCodeHeapSize                     = 0                                      {pd product} {ergonomic}
   size_t SoftMaxHeapSize                          = 4255121408                             {manageable} {ergonomic}
     intx TieredStopAtLevel                        = 1                                         {product} {command line}
     bool UseCompressedClassPointers               = true                           {product lp64_product} {ergonomic}
     bool UseCompressedOops                        = true                           {product lp64_product} {ergonomic}
     bool UseG1GC                                  = true                                      {product} {ergonomic}
     bool UseLargePagesIndividualAllocation        = false                                  {pd product} {ergonomic}

Logging:
Log output configuration:
 #0: stdout all=warning uptime,level,tags
 #1: stderr all=off uptime,level,tags

Environment Variables:
PATH=C:\Program Files\Eclipse Adoptium\jdk-17.0.11.9-hotspot\bin;C:\Program Files\Eclipse Adoptium\jre-17.0.8.101-hotspot\bin;C:\ProgramData\Oracle\Java\javapath;C:\Program Files\Common Files\Oracle\Java\javapath;C:\Program Files (x86)\Embarcadero\Studio\21.0\bin;C:\Users\Public\Documents\Embarcadero\Studio\21.0\Bpl;C:\Program Files (x86)\Embarcadero\Studio\21.0\bin64;C:\Users\Public\Documents\Embarcadero\Studio\21.0\Bpl\Win64;C:\Program Files (x86)\Embarcadero\Studio\20.0\bin;C:\Users\Public\Documents\Embarcadero\Studio\20.0\Bpl;C:\Program Files (x86)\Embarcadero\Studio\20.0\bin64;C:\Users\Public\Documents\Embarcadero\Studio\20.0\Bpl\Win64;C:\Program Files (x86)\Intel\Intel(R) Management Engine Components\iCLS\;C:\Program Files\Intel\Intel(R) Management Engine Components\iCLS\;C:\Windows\system32;C:\Windows;C:\Windows\System32\Wbem;C:\Windows\System32\WindowsPowerShell\v1.0\;C:\Windows\System32\OpenSSH\;C:\Program Files (x86)\Intel\Intel(R) Management Engine Components\DAL;C:\Program Files\Intel\Intel(R) Management Engine Components\DAL;C:\Program Files (x86)\Intel\Intel(R) Management Engine Components\IPT;C:\Program Files\Intel\Intel(R) Management Engine Components\IPT;C:\WINDOWS\system32;C:\WINDOWS;C:\WINDOWS\System32\Wbem;C:\WINDOWS\System32\WindowsPowerShell\v1.0\;C:\WINDOWS\System32\OpenSSH\;C:\Program Files\NVIDIA Corporation\NVIDIA NvDLISR;C:\Program Files (x86)\Windows Kits\10\Windows Performance Toolkit\;C:\Program Files (x86)\NVIDIA Corporation\PhysX\Common;C:\Program Files\Azure Data Studio\bin;C:\Program Files\Git\cmd;C:\Users\ACER.DESKTOP-NEU9FO8\AppData\Roaming\nvm;C:\Program Files\nodejs;C:\Program Files\Microsoft SQL Server\Client SDK\ODBC\170\Tools\Binn\;C:\Program Files (x86)\Microsoft SQL Server\150\Tools\Binn\;C:\Program Files\Microsoft SQL Server\150\Tools\Binn\;C:\Program Files\Microsoft SQL Server\150\DTS\Binn\;C:\Program Files (x86)\Microsoft SQL Server\150\DTS\Binn\;C:\Program Files (x86)\Microsoft SQL Server\160\DTS\Binn\;C:\Program Files\nod
USERNAME=ACER
OS=Windows_NT
PROCESSOR_IDENTIFIER=Intel64 Family 6 Model 158 Stepping 10, GenuineIntel



---------------  S Y S T E M  ---------------

OS:
 Windows 10 , 64 bit Build 19041 (10.0.19041.3636)
OS uptime: 1 days 6:01 hours
Hyper-V role detected

CPU: total 12 (initial active 12) (6 cores per cpu, 2 threads per core) family 6 model 158 stepping 10 microcode 0xb4, cx8, cmov, fxsr, ht, mmx, 3dnowpref, sse, sse2, sse3, ssse3, sse4.1, sse4.2, popcnt, lzcnt, tsc, tscinvbit, avx, avx2, aes, erms, clmul, bmi1, bmi2, adx, fma, vzeroupper, clflush, clflushopt, hv

Memory: 4k page, system-wide physical 16226M (3749M free)
TotalPageFile size 26226M (AvailPageFile size 4M)
current process WorkingSet (physical memory assigned to process): 93M, peak: 93M
current process commit charge ("private bytes"): 366M, peak: 366M

vm_info: Java HotSpot(TM) 64-Bit Server VM (17.0.1+12-LTS-39) for windows-amd64 JRE (17.0.1+12-LTS-39), built on Sep 27 2021 18:41:35 by "mach5one" with MS VC++ 16.8 (VS2019)

END.
